#
# A fatal error has been detected by the Java Runtime Environment:
#
#  SIGSEGV (0xb) at pc=0x00007fdc6f72a462, pid=5899, tid=140585459472128
#
# JRE version: Java(TM) SE Runtime Environment (7.0_80-b15) (build 1.7.0_80-b15)
# Java VM: Java HotSpot(TM) 64-Bit Server VM (24.80-b11 mixed mode linux-amd64 compressed oops)
# Problematic frame:
# C  [librxtxSerial.so+0x6462]  read_byte_array+0x52
#
# Failed to write core dump. Core dumps have been disabled. To enable core dumping, try "ulimit -c unlimited" before starting Java again
#
# If you would like to submit a bug report, please visit:
#   http://bugreport.java.com/bugreport/crash.jsp
# The crash happened outside the Java Virtual Machine in native code.
# See problematic frame for where to report the bug.
#

---------------  T H R E A D  ---------------

Current thread (0x00007fdc9400b800):  JavaThread "main" [_thread_in_native, id=5901, stack(0x00007fdc9a4f5000,0x00007fdc9a5f6000)]

siginfo:si_signo=SIGSEGV: si_errno=0, si_code=1 (SEGV_MAPERR), si_addr=0x000000006f721478

Registers:
RAX=0x000000006f721470, RBX=0x0000000000000057, RCX=0x0000000000000001, RDX=0x00007fdc999cc7f0
RSP=0x00007fdc9a5f4630, RBP=0x00007fdc9400b9e8, RSI=0x00007fdc6f72de30, RDI=0x00007fdc6f72dd3e
R8 =0x00007fdc9a5f45a0, R9 =0x00000000ec82f4e0, R10=0x0000000000000000, R11=0x00007fdc999d0de8
R12=0x00000000ffffffff, R13=0x0000000000000000, R14=0x00007fdc9a5f47f8, R15=0x00007fdc9400b800
RIP=0x00007fdc6f72a462, EFLAGS=0x0000000000010206, CSGSFS=0x0000000000000033, ERR=0x0000000000000004
  TRAPNO=0x000000000000000e

Top of Stack: (sp=0x00007fdc9a5f4630)
0x00007fdc9a5f4630:   00007fdc6f724ed0 00007fdc944ed780
0x00007fdc9a5f4640:   00007fdc9a5f4680 00007fdc99145863
0x00007fdc9a5f4650:   00007fdc6f72dce8 000000006f721470
0x00007fdc9a5f4660:   00007fdc9400b800 0000000000000000
0x00007fdc9a5f4670:   0000000000000000 000000019400b800
0x00007fdc9a5f4680:   00007fdc9a5f4777 00000057991c08b6
0x00007fdc9a5f4690:   00007fdc9400b9e8 00007fdc6f830830
0x00007fdc9a5f46a0:   0000000000000000 00000000c02be710
0x00007fdc9a5f46b0:   00007fdc9a5f47f8 00007fdc9400b800
0x00007fdc9a5f46c0:   00007fdc9400b9e8 00007fdc9a406557
0x00007fdc9a5f46d0:   0000001400000005 0000000000000000
0x00007fdc9a5f46e0:   00007fdc9400b800 00007fdc6f724ed0
0x00007fdc9a5f46f0:   0000000000000057 00007fdc9400b9e8
0x00007fdc9a5f4700:   0000000000000000 00007fdc9a40d515
0x00007fdc9a5f4710:   ffffffffffffffff 00007fdc9a5f4777
0x00007fdc9a5f4720:   0000000000000057 0000000000000057
0x00007fdc9a5f4730:   00007fdc9400b9e8 0000000000000000
0x00007fdc9a5f4740:   00000000c02be710 00007fdc9a5f47f8
0x00007fdc9a5f4750:   00007fdc9400b800 00007fdc6f72a99c
0x00007fdc9a5f4760:   00000000c02be710 00007fdc9a5f47f8
0x00007fdc9a5f4770:   00007fdc9a5f47d8 00000000c02be718
0x00007fdc9a5f4780:   00007fdc9a5f47d8 00007fdc907c8d98
0x00007fdc9a5f4790:   00007fdc9400b800 00007fdc9a5f4798
0x00007fdc9a5f47a0:   00000000c02be710 00007fdc9a5f47f8
0x00007fdc9a5f47b0:   00000000c02d0110 0000000000000000
0x00007fdc9a5f47c0:   00000000c02be718 0000000000000000
0x00007fdc9a5f47d0:   00007fdc9a5f47f8 00007fdc9a5f4850
0x00007fdc9a5f47e0:   00007fdc907bc1d4 0000000000000000
0x00007fdc9a5f47f0:   00007fdc907c4cd6 00000000ec82f4e0
0x00007fdc9a5f4800:   0000000000000001 00000000ec82f9f8
0x00007fdc9a5f4810:   00007fdc9a5f4800 00000000c02cf735
0x00007fdc9a5f4820:   00007fdc9a5f4878 00000000c02d9b28 

Instructions: (pc=0x00007fdc6f72a462)
0x00007fdc6f72a442:   89 44 24 4c 48 c7 44 24 40 00 00 00 00 48 c7 44
0x00007fdc6f72a452:   24 38 00 00 00 00 e8 53 d7 ff ff 48 89 44 24 28
0x00007fdc6f72a462:   8b 40 08 45 85 e4 48 8b 54 24 28 44 8b 7c 24 4c
0x00007fdc6f72a472:   89 44 24 34 c7 42 08 00 00 00 00 78 0c 31 c0 e8 

Register to memory mapping:

RAX=0x000000006f721470 is an unknown value
RBX=0x0000000000000057 is an unknown value
RCX=0x0000000000000001 is an unknown value
RDX=0x00007fdc999cc7f0: <offset 0xe4b7f0> in /usr/lib/jvm/jdk1.7.0_80/jre/lib/amd64/server/libjvm.so at 0x00007fdc98b81000
RSP=0x00007fdc9a5f4630 is pointing into the stack for thread: 0x00007fdc9400b800
RBP=0x00007fdc9400b9e8 is an unknown value
RSI=0x00007fdc6f72de30: <offset 0x9e30> in /home/irv/Documents/ACAS BUILD 5/ACAS/i368-mingw32/librxtxSerial.so at 0x00007fdc6f724000
RDI=0x00007fdc6f72dd3e: <offset 0x9d3e> in /home/irv/Documents/ACAS BUILD 5/ACAS/i368-mingw32/librxtxSerial.so at 0x00007fdc6f724000
R8 =0x00007fdc9a5f45a0 is pointing into the stack for thread: 0x00007fdc9400b800
R9 =0x00000000ec82f4e0 is an oop
gnu.io.RXTXPort 
 - klass: 'gnu/io/RXTXPort'
R10=0x0000000000000000 is an unknown value
R11=0x00007fdc999d0de8: <offset 0xe4fde8> in /usr/lib/jvm/jdk1.7.0_80/jre/lib/amd64/server/libjvm.so at 0x00007fdc98b81000
R12=0x00000000ffffffff is an unallocated location in the heap
R13=0x0000000000000000 is an unknown value
R14=0x00007fdc9a5f47f8 is pointing into the stack for thread: 0x00007fdc9400b800
R15=0x00007fdc9400b800 is a thread


Stack: [0x00007fdc9a4f5000,0x00007fdc9a5f6000],  sp=0x00007fdc9a5f4630,  free space=1021k
Native frames: (J=compiled Java code, j=interpreted, Vv=VM code, C=native code)
C  [librxtxSerial.so+0x6462]  read_byte_array+0x52

Java frames: (J=compiled Java code, j=interpreted, Vv=VM code)
j  gnu.io.RXTXPort.readByte()I+0
j  gnu.io.RXTXPort$SerialInputStream.read()I+61
j  temp.MySms.read(II)Z+27
j  temp.MySms.<init>(Ljava/lang/String;)V+360
j  temp.Test.main([Ljava/lang/String;)V+6
v  ~StubRoutines::call_stub

---------------  P R O C E S S  ---------------

Java Threads: ( => current thread )
  0x00007fdc94512000 JavaThread "Thread-0" [_thread_in_native, id=5933, stack(0x00007fdc6f622000,0x00007fdc6f723000)]
  0x00007fdc9409a000 JavaThread "Service Thread" daemon [_thread_blocked, id=5914, stack(0x00007fdc6fcfd000,0x00007fdc6fdfe000)]
  0x00007fdc94097800 JavaThread "C2 CompilerThread1" daemon [_thread_blocked, id=5913, stack(0x00007fdc6fdfe000,0x00007fdc6feff000)]
  0x00007fdc94094800 JavaThread "C2 CompilerThread0" daemon [_thread_blocked, id=5912, stack(0x00007fdc6feff000,0x00007fdc70000000)]
  0x00007fdc94092800 JavaThread "Signal Dispatcher" daemon [_thread_blocked, id=5911, stack(0x00007fdc8c0d9000,0x00007fdc8c1da000)]
  0x00007fdc94071800 JavaThread "Finalizer" daemon [_thread_blocked, id=5910, stack(0x00007fdc8c8bc000,0x00007fdc8c9bd000)]
  0x00007fdc9406f800 JavaThread "Reference Handler" daemon [_thread_blocked, id=5909, stack(0x00007fdc8c9bd000,0x00007fdc8cabe000)]
=>0x00007fdc9400b800 JavaThread "main" [_thread_in_native, id=5901, stack(0x00007fdc9a4f5000,0x00007fdc9a5f6000)]

Other Threads:
  0x00007fdc9406b800 VMThread [stack: 0x00007fdc8cabe000,0x00007fdc8cbbf000] [id=5908]
  0x00007fdc940a4800 WatcherThread [stack: 0x00007fdc6fbfc000,0x00007fdc6fcfd000] [id=5915]

VM state:not at safepoint (normal execution)

VM Mutex/Monitor currently owned by a thread: None

Heap
 PSYoungGen      total 17920K, used 2783K [0x00000000ec600000, 0x00000000eda00000, 0x0000000100000000)
  eden space 15360K, 18% used [0x00000000ec600000,0x00000000ec8b7c20,0x00000000ed500000)
  from space 2560K, 0% used [0x00000000ed780000,0x00000000ed780000,0x00000000eda00000)
  to   space 2560K, 0% used [0x00000000ed500000,0x00000000ed500000,0x00000000ed780000)
 ParOldGen       total 39936K, used 0K [0x00000000c5200000, 0x00000000c7900000, 0x00000000ec600000)
  object space 39936K, 0% used [0x00000000c5200000,0x00000000c5200000,0x00000000c7900000)
 PSPermGen       total 21504K, used 2927K [0x00000000c0000000, 0x00000000c1500000, 0x00000000c5200000)
  object space 21504K, 13% used [0x00000000c0000000,0x00000000c02dbc30,0x00000000c1500000)

Card table byte_map: [0x00007fdc905b5000,0x00007fdc907b6000] byte_map_base: 0x00007fdc8ffb5000

Polling page: 0x00007fdc9a616000

Code Cache  [0x00007fdc907b6000, 0x00007fdc90a26000, 0x00007fdc937b6000)
 total_blobs=200 nmethods=17 adapters=137 free_code_cache=48742Kb largest_free_block=49895616

Compilation events (10 events):
Event: 0.252 Thread 0x00007fdc94094800 nmethod 11 0x00007fdc9081ae50 code [0x00007fdc9081afe0, 0x00007fdc9081b7e8]
Event: 0.252 Thread 0x00007fdc94094800   13             java.util.LinkedList::indexOf (73 bytes)
Event: 0.255 Thread 0x00007fdc94094800 nmethod 13 0x00007fdc9081a990 code [0x00007fdc9081aae0, 0x00007fdc9081acd8]
Event: 0.255 Thread 0x00007fdc94094800   14             java.util.jar.JarFile::hasClassPathAttribute (168 bytes)
Event: 0.261 Thread 0x00007fdc94094800 nmethod 14 0x00007fdc90819890 code [0x00007fdc90819a20, 0x00007fdc90819ce8]
Event: 0.265 Thread 0x00007fdc94097800 nmethod 12 0x00007fdc9081c290 code [0x00007fdc9081c520, 0x00007fdc9081d010]
Event: 0.297 Thread 0x00007fdc94094800   15             java.lang.Object::<init> (1 bytes)
Event: 0.298 Thread 0x00007fdc94094800 nmethod 15 0x00007fdc9081c050 code [0x00007fdc9081c180, 0x00007fdc9081c1f8]
Event: 0.344 Thread 0x00007fdc94097800   17             java.lang.String::indexOf (166 bytes)
Event: 0.353 Thread 0x00007fdc94097800 nmethod 17 0x00007fdc9081fe90 code [0x00007fdc90820000, 0x00007fdc90820478]

GC Heap History (0 events):
No events

Deoptimization events (3 events):
Event: 0.168 Thread 0x00007fdc9400b800 Uncommon trap: reason=unstable_if action=reinterpret pc=0x00007fdc90814c74 method=java.lang.String.indexOf(II)I @ 49
Event: 0.238 Thread 0x00007fdc9400b800 Uncommon trap: reason=unstable_if action=reinterpret pc=0x00007fdc908168b8 method=java.io.UnixFileSystem.normalize(Ljava/lang/String;)Ljava/lang/String; @ 60
Event: 0.244 Thread 0x00007fdc9400b800 Uncommon trap: reason=unstable_if action=reinterpret pc=0x00007fdc908150cc method=java.lang.String.hashCode()I @ 14

Internal exceptions (10 events):
Event: 0.276 Thread 0x00007fdc9400b800 Threw 0x00000000ec7c56f0 at /HUDSON/workspace/7u-2-build-linux-amd64/jdk7u80/2329/hotspot/src/share/vm/prims/jni.cpp:717
Event: 0.294 Thread 0x00007fdc9400b800 Threw 0x00000000ec7d79f0 at /HUDSON/workspace/7u-2-build-linux-amd64/jdk7u80/2329/hotspot/src/share/vm/prims/jni.cpp:717
Event: 0.299 Thread 0x00007fdc9400b800 Threw 0x00000000ec7e7a10 at /HUDSON/workspace/7u-2-build-linux-amd64/jdk7u80/2329/hotspot/src/share/vm/prims/jni.cpp:717
Event: 0.334 Thread 0x00007fdc9400b800 Threw 0x00000000ec7f98f8 at /HUDSON/workspace/7u-2-build-linux-amd64/jdk7u80/2329/hotspot/src/share/vm/prims/jni.cpp:717
Event: 0.342 Thread 0x00007fdc9400b800 Threw 0x00000000ec808a38 at /HUDSON/workspace/7u-2-build-linux-amd64/jdk7u80/2329/hotspot/src/share/vm/prims/jvm.cpp:1319
Event: 0.345 Thread 0x00007fdc9400b800 Threw 0x00000000ec80fd00 at /HUDSON/workspace/7u-2-build-linux-amd64/jdk7u80/2329/hotspot/src/share/vm/prims/jvm.cpp:1319
Event: 0.346 Thread 0x00007fdc9400b800 Threw 0x00000000ec8182f8 at /HUDSON/workspace/7u-2-build-linux-amd64/jdk7u80/2329/hotspot/src/share/vm/prims/jvm.cpp:1319
Event: 0.347 Thread 0x00007fdc9400b800 Threw 0x00000000ec820cd0 at /HUDSON/workspace/7u-2-build-linux-amd64/jdk7u80/2329/hotspot/src/share/vm/prims/jvm.cpp:1319
Event: 0.349 Thread 0x00007fdc9400b800 Threw 0x00000000ec8278b0 at /HUDSON/workspace/7u-2-build-linux-amd64/jdk7u80/2329/hotspot/src/share/vm/prims/jvm.cpp:1319
Event: 0.351 Thread 0x00007fdc9400b800 Threw 0x00000000ec82fe80 at /HUDSON/workspace/7u-2-build-linux-amd64/jdk7u80/2329/hotspot/src/share/vm/prims/jvm.cpp:1319

Events (10 events):
Event: 0.349 loading class 0x00007fdc94512a10 done
Event: 0.349 loading class 0x00007fdc945129a0
Event: 0.349 loading class 0x00007fdc945129a0 done
Event: 0.349 loading class 0x00007fdc8de18f70
Event: 0.350 loading class 0x00007fdc8de18f70 done
Event: 0.350 loading class 0x00007fdc8ddf4fe0
Event: 0.350 loading class 0x00007fdc8ddf4fe0 done
Event: 0.351 loading class 0x00007fdc945179b0
Event: 0.351 loading class 0x00007fdc945179b0 done
Event: 0.353 Thread 0x00007fdc94512000 Thread added: 0x00007fdc94512000


Dynamic libraries:
00400000-00401000 r-xp 00000000 08:05 1071155                            /usr/lib/jvm/jdk1.7.0_80/bin/java
00600000-00601000 rw-p 00000000 08:05 1071155                            /usr/lib/jvm/jdk1.7.0_80/bin/java
00779000-0079a000 rw-p 00000000 00:00 0                                  [heap]
c0000000-c1500000 rw-p 00000000 00:00 0 
c1500000-c5200000 rw-p 00000000 00:00 0 
c5200000-c7900000 rw-p 00000000 00:00 0 
c7900000-ec600000 rw-p 00000000 00:00 0 
ec600000-eda00000 rw-p 00000000 00:00 0 
eda00000-100000000 rw-p 00000000 00:00 0 
7fdc50000000-7fdc50021000 rw-p 00000000 00:00 0 
7fdc50021000-7fdc54000000 ---p 00000000 00:00 0 
7fdc58000000-7fdc58021000 rw-p 00000000 00:00 0 
7fdc58021000-7fdc5c000000 ---p 00000000 00:00 0 
7fdc5c000000-7fdc5c021000 rw-p 00000000 00:00 0 
7fdc5c021000-7fdc60000000 ---p 00000000 00:00 0 
7fdc60000000-7fdc6011a000 rw-p 00000000 00:00 0 
7fdc6011a000-7fdc64000000 ---p 00000000 00:00 0 
7fdc64000000-7fdc64101000 rw-p 00000000 00:00 0 
7fdc64101000-7fdc68000000 ---p 00000000 00:00 0 
7fdc68000000-7fdc68021000 rw-p 00000000 00:00 0 
7fdc68021000-7fdc6c000000 ---p 00000000 00:00 0 
7fdc6f622000-7fdc6f625000 ---p 00000000 00:00 0 
7fdc6f625000-7fdc6f724000 rw-p 00000000 00:00 0                          [stack:5933]
7fdc6f724000-7fdc6f730000 r-xp 00000000 08:05 1703995                    /home/irv/Documents/ACAS BUILD 5/ACAS/i368-mingw32/librxtxSerial.so
7fdc6f730000-7fdc6f82f000 ---p 0000c000 08:05 1703995                    /home/irv/Documents/ACAS BUILD 5/ACAS/i368-mingw32/librxtxSerial.so
7fdc6f82f000-7fdc6f831000 rw-p 0000b000 08:05 1703995                    /home/irv/Documents/ACAS BUILD 5/ACAS/i368-mingw32/librxtxSerial.so
7fdc6f831000-7fdc6f83e000 r--s 000f3000 08:05 1185097                    /home/irv/Downloads/jfreechart.jar
7fdc6f83e000-7fdc6f840000 r--s 0000d000 08:05 1075301                    /home/irv/Documents/lib/RXTXcomm.jar
7fdc6f840000-7fdc6f87e000 r--s 0025b000 08:05 1076322                    /home/irv/Documents/lib/xmlbeans-2.5.0.jar
7fdc6f87e000-7fdc6f883000 r--s 00010000 08:05 1076320                    /home/irv/Documents/lib/xml-apis-ext.jar
7fdc6f883000-7fdc6f89c000 r--s 00134000 08:05 1076319                    /home/irv/Documents/lib/xercesImpl-2.10.0.jar
7fdc6f89c000-7fdc6f8c1000 r--s 002e3000 08:05 1076318                    /home/irv/Documents/lib/xalan-2.7.1.jar
7fdc6f8c1000-7fdc6f8cf000 r--s 000b7000 08:05 1076317                    /home/irv/Documents/lib/velocity-1.7-dep.jar
7fdc6f8cf000-7fdc6f8d9000 r--s 0004a000 08:05 1076316                    /home/irv/Documents/lib/syntheticaClassy.jar
7fdc6f8d9000-7fdc6f8e3000 r--s 00059000 08:05 1076315                    /home/irv/Documents/lib/syntheticaAluOxide.jar
7fdc6f8e3000-7fdc6f8f0000 r--s 00093000 08:05 1076314                    /home/irv/Documents/lib/synthetica.jar
7fdc6f8f0000-7fdc6f90d000 r--s 00151000 08:05 1076313                    /home/irv/Documents/lib/swingx-all-1.6.3.jar
7fdc6f90d000-7fdc6f914000 r--s 00040000 08:05 1076312                    /home/irv/Documents/lib/spring-core-2.5.5.jar
7fdc6f914000-7fdc6f91e000 r--s 0006d000 08:05 1076311                    /home/irv/Documents/lib/spring-beans-2.5.5.jar
7fdc6f91e000-7fdc6f920000 r--s 00016000 08:05 1076310                    /home/irv/Documents/lib/servlet-api-2.4.jar
7fdc6f920000-7fdc6f929000 r--s 0002d000 08:05 1076321                    /home/irv/Documents/lib/xml-apis.jar
7fdc6f929000-7fdc6f92c000 r--s 00041000 08:05 1076309                    /home/irv/Documents/lib/serializer.jar
7fdc6f92c000-7fdc6f92e000 r--s 00003000 08:05 1076308                    /home/irv/Documents/lib/saaj-api-1.3.jar
7fdc6f92e000-7fdc6f931000 r--s 00027000 08:05 1076307                    /home/irv/Documents/lib/rs2xml.jar
7fdc6f931000-7fdc6f93e000 r--s 00106000 08:05 1076306                    /home/irv/Documents/lib/rhino-1.7R3.jar
7fdc6f93e000-7fdc6f9bd000 r--s 0034a000 08:05 1076305                    /home/irv/Documents/lib/poi-ooxml-schemas-3.7-20101029.jar
7fdc6f9bd000-7fdc6f9c4000 r--s 00073000 08:05 1076304                    /home/irv/Documents/lib/poi-ooxml-3.7-20101029.jar
7fdc6f9c4000-7fdc6f9e1000 r--s 0017c000 08:05 1076303                    /home/irv/Documents/lib/poi-3.7-20101029.jar
7fdc6f9e1000-7fdc6f9e2000 r--s 00002000 08:05 1076302                    /home/irv/Documents/lib/png-encoder-1.5.jar
7fdc6f9e2000-7fdc6f9ea000 r--s 00065000 08:05 1076301                    /home/irv/Documents/lib/olap4j-0.9.7.309-JS-3.jar
7fdc6f9ea000-7fdc6f9f2000 r--s 000c3000 08:05 1076300                    /home/irv/Documents/lib/mysql-connector-java-5.1.23-bin.jar
7fdc6f9f2000-7fdc6fa1a000 r--s 0025e000 08:05 1076299                    /home/irv/Documents/lib/mondrian-3.1.1.12687.jar
7fdc6fa1a000-7fdc6fa23000 r--s 00055000 08:05 1076298                    /home/irv/Documents/lib/lucene-queryparser-4.5.1.jar
7fdc6fa23000-7fdc6fa49000 r--s 0020b000 08:05 1076297                    /home/irv/Documents/lib/lucene-core-4.5.1.jar
7fdc6fa49000-7fdc6fa59000 r--s 00174000 08:05 1076296                    /home/irv/Documents/lib/lucene-analyzers-common-4.5.1.jar
7fdc6fa59000-7fdc6fa60000 r--s 00059000 08:05 1076295                    /home/irv/Documents/lib/log4j-1.2.15.jar
7fdc6fa60000-7fdc6fa6c000 r--s 000aa000 08:05 1076294                    /home/irv/Documents/lib/jxl-2.6.10.jar
7fdc6fa6c000-7fdc6fa6f000 r--s 00009000 08:05 1076293                    /home/irv/Documents/lib/jpa.jar
7fdc6fa6f000-7fdc6fa7d000 r--s 00121000 08:05 1076292                    /home/irv/Documents/lib/jide-oss-3.3.4-sources.jar
7fdc6fa7d000-7fdc6fa98000 r--s 00132000 08:05 1076291                    /home/irv/Documents/lib/jide-common.jar
7fdc6fa98000-7fdc6faa8000 r--s 0013f000 08:05 1076290                    /home/irv/Documents/lib/jfreechart-1.0.12.jar
7fdc6faa8000-7fdc6fab2000 r--s 0011e000 08:05 1076289                    /home/irv/Documents/lib/jdt-compiler-3.1.1.jar
7fdc6fab2000-7fdc6fab8000 r--s 00046000 08:05 1076288                    /home/irv/Documents/lib/jcommon-1.0.15.jar
7fdc6fab8000-7fdc6fabe000 r--s 00023000 08:05 1076287                    /home/irv/Documents/lib/jcalendar-1.4.jar
7fdc6fabe000-7fdc6fac4000 r--s 00032000 08:05 1076286                    /home/irv/Documents/lib/jaxen-1.1.1.jar
7fdc6fac4000-7fdc6fb1e000 r--s 0046e000 08:05 1076285                    /home/irv/Documents/lib/jasperreports-javaflow-5.6.0.jar
7fdc6fb1e000-7fdc6fb20000 r--s 0025c000 08:05 1076284                    /home/irv/Documents/lib/jasperreports-fonts-5.6.0.jar
7fdc6fb20000-7fdc6fb2b000 r--s 0007c000 08:05 1076283                    /home/irv/Documents/lib/jasperreports-applet-5.6.0.jar
7fdc6fb2b000-7fdc6fb86000 r--s 00463000 08:05 1076282                    /home/irv/Documents/lib/jasperreports-5.6.0.jar
7fdc6fb86000-7fdc6fb97000 r--s 000d2000 08:05 1076281                    /home/irv/Documents/lib/jackson-databind-2.1.4.jar
7fdc6fb97000-7fdc6fb9b000 r--s 0002f000 08:05 1076280                    /home/irv/Documents/lib/jackson-core-2.1.4.jar
7fdc6fb9b000-7fdc6fb9d000 r--s 00007000 08:05 1076279                    /home/irv/Documents/lib/jackson-annotations-2.1.4.jar
7fdc6fb9d000-7fdc6fbfc000 r--s 00589000 08:05 1076275                    /home/irv/Documents/lib/groovy-all-2.0.1.jar
7fdc6fbfc000-7fdc6fbfd000 ---p 00000000 00:00 0 
7fdc6fbfd000-7fdc6fcfd000 rw-p 00000000 00:00 0                          [stack:5915]
7fdc6fcfd000-7fdc6fd00000 ---p 00000000 00:00 0 
7fdc6fd00000-7fdc6fdfe000 rw-p 00000000 00:00 0                          [stack:5914]
7fdc6fdfe000-7fdc6fe01000 ---p 00000000 00:00 0 
7fdc6fe01000-7fdc6feff000 rw-p 00000000 00:00 0                          [stack:5913]
7fdc6feff000-7fdc6ff02000 ---p 00000000 00:00 0 
7fdc6ff02000-7fdc70000000 rw-p 00000000 00:00 0                          [stack:5912]
7fdc70000000-7fdc70021000 rw-p 00000000 00:00 0 
7fdc70021000-7fdc74000000 ---p 00000000 00:00 0 
7fdc74000000-7fdc74021000 rw-p 00000000 00:00 0 
7fdc74021000-7fdc78000000 ---p 00000000 00:00 0 
7fdc78000000-7fdc78021000 rw-p 00000000 00:00 0 
7fdc78021000-7fdc7c000000 ---p 00000000 00:00 0 
7fdc7c000000-7fdc7c021000 rw-p 00000000 00:00 0 
7fdc7c021000-7fdc80000000 ---p 00000000 00:00 0 
7fdc80000000-7fdc80021000 rw-p 00000000 00:00 0 
7fdc80021000-7fdc84000000 ---p 00000000 00:00 0 
7fdc84000000-7fdc84021000 rw-p 00000000 00:00 0 
7fdc84021000-7fdc88000000 ---p 00000000 00:00 0 
7fdc88000000-7fdc88021000 rw-p 00000000 00:00 0 
7fdc88021000-7fdc8c000000 ---p 00000000 00:00 0 
7fdc8c000000-7fdc8c00d000 r--s 00108000 08:05 1076278                    /home/irv/Documents/lib/iText-2.1.7.js2.jar
7fdc8c00d000-7fdc8c016000 r--s 000a4000 08:05 1076277                    /home/irv/Documents/lib/hsqldb-1.8.0-10.jar
7fdc8c016000-7fdc8c02e000 r--s 00181000 08:05 1076276                    /home/irv/Documents/lib/hibernate3.jar
7fdc8c02e000-7fdc8c041000 r--s 000c4000 08:05 1076274                    /home/irv/Documents/lib/glazedlists_java15-1.9.0.jar
7fdc8c041000-7fdc8c046000 r--s 00048000 08:05 1076273                    /home/irv/Documents/lib/dom4j-1.6.1.jar
7fdc8c046000-7fdc8c048000 r--s 0000d000 08:05 1076272                    /home/irv/Documents/lib/commons-logging-1.1.1.jar
7fdc8c048000-7fdc8c04b000 r--s 00015000 08:05 1076271                    /home/irv/Documents/lib/commons-javaflow-20060411.jar
7fdc8c04b000-7fdc8c051000 r--s 0002b000 08:05 1076270                    /home/irv/Documents/lib/commons-digester-2.1.jar
7fdc8c051000-7fdc8c05f000 r--s 0007f000 08:05 1076269                    /home/irv/Documents/lib/commons-collections-3.2.1.jar
7fdc8c05f000-7fdc8c064000 r--s 00034000 08:05 1076268                    /home/irv/Documents/lib/commons-beanutils-1.8.0.jar
7fdc8c064000-7fdc8c073000 r--s 000c3000 08:05 1076267                    /home/irv/Documents/lib/castor-1.2.jar
7fdc8c073000-7fdc8c078000 r--s 00040000 08:05 1076266                    /home/irv/Documents/lib/bsh-2.0b4.jar
7fdc8c078000-7fdc8c07f000 r--s 00094000 08:05 1076265                    /home/irv/Documents/lib/beansbinding-1.2.1.jar
7fdc8c07f000-7fdc8c089000 r--s 00079000 08:05 1076264                    /home/irv/Documents/lib/bcel-5.2.jar
7fdc8c089000-7fdc8c08c000 r--s 0001d000 08:05 1076262                    /home/irv/Documents/lib/batik-util.jar
7fdc8c08c000-7fdc8c091000 r--s 00030000 08:05 1076261                    /home/irv/Documents/lib/batik-svggen.jar
7fdc8c091000-7fdc8c09e000 r--s 00087000 08:05 1076260                    /home/irv/Documents/lib/batik-svg-dom.jar
7fdc8c09e000-7fdc8c0a1000 r--s 0000d000 08:05 1076259                    /home/irv/Documents/lib/batik-script.jar
7fdc8c0a1000-7fdc8c0a5000 r--s 00038000 08:05 1076257                    /home/irv/Documents/lib/batik-gvt.jar
7fdc8c0a5000-7fdc8c0a9000 r--s 00027000 08:05 1076255                    /home/irv/Documents/lib/batik-dom.jar
7fdc8c0a9000-7fdc8c0b1000 r--s 00045000 08:05 1076254                    /home/irv/Documents/lib/batik-css.jar
7fdc8c0b1000-7fdc8c0bb000 r--s 00080000 08:05 1076253                    /home/irv/Documents/lib/batik-bridge.jar
7fdc8c0bb000-7fdc8c0c2000 r--s 0005c000 08:05 1076252                    /home/irv/Documents/lib/batik-awt-util.jar
7fdc8c0c2000-7fdc8c0c5000 r--s 00015000 08:05 1076251                    /home/irv/Documents/lib/batik-anim.jar
7fdc8c0c5000-7fdc8c0d9000 r--s 0012f000 08:05 1076232                    /home/irv/Documents/lib/ant-1.7.1.jar
7fdc8c0d9000-7fdc8c0dc000 ---p 00000000 00:00 0 
7fdc8c0dc000-7fdc8c1da000 rw-p 00000000 00:00 0                          [stack:5911]
7fdc8c1da000-7fdc8c8bc000 r--p 00000000 08:05 2498585                    /usr/lib/locale/locale-archive
7fdc8c8bc000-7fdc8c8bf000 ---p 00000000 00:00 0 
7fdc8c8bf000-7fdc8c9bd000 rw-p 00000000 00:00 0                          [stack:5910]
7fdc8c9bd000-7fdc8c9c0000 ---p 00000000 00:00 0 
7fdc8c9c0000-7fdc8cabe000 rw-p 00000000 00:00 0                          [stack:5909]
7fdc8cabe000-7fdc8cabf000 ---p 00000000 00:00 0 
7fdc8cabf000-7fdc8dbbe000 rw-p 00000000 00:00 0                          [stack:5908]
7fdc8dbbe000-7fdc8dd7e000 r--s 039fb000 08:05 1070230                    /usr/lib/jvm/jdk1.7.0_80/jre/lib/rt.jar
7fdc8dd7e000-7fdc90077000 rw-p 00000000 00:00 0 
7fdc90077000-7fdc90078000 ---p 00000000 00:00 0 
7fdc90078000-7fdc90178000 rw-p 00000000 00:00 0                          [stack:5907]
7fdc90178000-7fdc90179000 ---p 00000000 00:00 0 
7fdc90179000-7fdc90279000 rw-p 00000000 00:00 0                          [stack:5906]
7fdc90279000-7fdc9027a000 ---p 00000000 00:00 0 
7fdc9027a000-7fdc9037a000 rw-p 00000000 00:00 0                          [stack:5905]
7fdc9037a000-7fdc9037b000 ---p 00000000 00:00 0 
7fdc9037b000-7fdc9048f000 rw-p 00000000 00:00 0                          [stack:5904]
7fdc9048f000-7fdc905b5000 rw-p 00000000 00:00 0 
7fdc905b5000-7fdc905c0000 rw-p 00000000 00:00 0 
7fdc905c0000-7fdc905de000 rw-p 00000000 00:00 0 
7fdc905de000-7fdc905f2000 rw-p 00000000 00:00 0 
7fdc905f2000-7fdc90718000 rw-p 00000000 00:00 0 
7fdc90718000-7fdc90722000 rw-p 00000000 00:00 0 
7fdc90722000-7fdc907b5000 rw-p 00000000 00:00 0 
7fdc907b5000-7fdc907b6000 rw-p 00000000 00:00 0 
7fdc907b6000-7fdc90a26000 rwxp 00000000 00:00 0 
7fdc90a26000-7fdc937b6000 rw-p 00000000 00:00 0 
7fdc937b6000-7fdc937cd000 r-xp 00000000 08:05 1188636                    /usr/lib/jvm/jdk1.7.0_80/jre/lib/amd64/libzip.so
7fdc937cd000-7fdc939cd000 ---p 00017000 08:05 1188636                    /usr/lib/jvm/jdk1.7.0_80/jre/lib/amd64/libzip.so
7fdc939cd000-7fdc939ce000 rw-p 00017000 08:05 1188636                    /usr/lib/jvm/jdk1.7.0_80/jre/lib/amd64/libzip.so
7fdc939ce000-7fdc939d9000 r-xp 00000000 08:05 801655                     /lib/x86_64-linux-gnu/libnss_files-2.19.so
7fdc939d9000-7fdc93bd8000 ---p 0000b000 08:05 801655                     /lib/x86_64-linux-gnu/libnss_files-2.19.so
7fdc93bd8000-7fdc93bd9000 r--p 0000a000 08:05 801655                     /lib/x86_64-linux-gnu/libnss_files-2.19.so
7fdc93bd9000-7fdc93bda000 rw-p 0000b000 08:05 801655                     /lib/x86_64-linux-gnu/libnss_files-2.19.so
7fdc93bda000-7fdc93be5000 r-xp 00000000 08:05 805914                     /lib/x86_64-linux-gnu/libnss_nis-2.19.so
7fdc93be5000-7fdc93de4000 ---p 0000b000 08:05 805914                     /lib/x86_64-linux-gnu/libnss_nis-2.19.so
7fdc93de4000-7fdc93de5000 r--p 0000a000 08:05 805914                     /lib/x86_64-linux-gnu/libnss_nis-2.19.so
7fdc93de5000-7fdc93de6000 rw-p 0000b000 08:05 805914                     /lib/x86_64-linux-gnu/libnss_nis-2.19.so
7fdc93de6000-7fdc93dfd000 r-xp 00000000 08:05 805606                     /lib/x86_64-linux-gnu/libnsl-2.19.so
7fdc93dfd000-7fdc93ffc000 ---p 00017000 08:05 805606                     /lib/x86_64-linux-gnu/libnsl-2.19.so
7fdc93ffc000-7fdc93ffd000 r--p 00016000 08:05 805606                     /lib/x86_64-linux-gnu/libnsl-2.19.so
7fdc93ffd000-7fdc93ffe000 rw-p 00017000 08:05 805606                     /lib/x86_64-linux-gnu/libnsl-2.19.so
7fdc93ffe000-7fdc94000000 rw-p 00000000 00:00 0 
7fdc94000000-7fdc9451a000 rw-p 00000000 00:00 0 
7fdc9451a000-7fdc98000000 ---p 00000000 00:00 0 
7fdc98000000-7fdc98002000 r--s 00010000 08:05 1076258                    /home/irv/Documents/lib/batik-parser.jar
7fdc98002000-7fdc98007000 r--s 0003e000 08:05 1076250                    /home/irv/Documents/lib/barcode4j-2.1.jar
7fdc98007000-7fdc98012000 rw-p 00000000 00:00 0 
7fdc98012000-7fdc98030000 rw-p 00000000 00:00 0 
7fdc98030000-7fdc98039000 r-xp 00000000 08:05 805603                     /lib/x86_64-linux-gnu/libnss_compat-2.19.so
7fdc98039000-7fdc98238000 ---p 00009000 08:05 805603                     /lib/x86_64-linux-gnu/libnss_compat-2.19.so
7fdc98238000-7fdc98239000 r--p 00008000 08:05 805603                     /lib/x86_64-linux-gnu/libnss_compat-2.19.so
7fdc98239000-7fdc9823a000 rw-p 00009000 08:05 805603                     /lib/x86_64-linux-gnu/libnss_compat-2.19.so
7fdc9823a000-7fdc98263000 r-xp 00000000 08:05 1188604                    /usr/lib/jvm/jdk1.7.0_80/jre/lib/amd64/libjava.so
7fdc98263000-7fdc98463000 ---p 00029000 08:05 1188604                    /usr/lib/jvm/jdk1.7.0_80/jre/lib/amd64/libjava.so
7fdc98463000-7fdc98465000 rw-p 00029000 08:05 1188604                    /usr/lib/jvm/jdk1.7.0_80/jre/lib/amd64/libjava.so
7fdc98465000-7fdc98472000 r-xp 00000000 08:05 1188629                    /usr/lib/jvm/jdk1.7.0_80/jre/lib/amd64/libverify.so
7fdc98472000-7fdc98671000 ---p 0000d000 08:05 1188629                    /usr/lib/jvm/jdk1.7.0_80/jre/lib/amd64/libverify.so
7fdc98671000-7fdc98673000 rw-p 0000c000 08:05 1188629                    /usr/lib/jvm/jdk1.7.0_80/jre/lib/amd64/libverify.so
7fdc98673000-7fdc9867a000 r-xp 00000000 08:05 805911                     /lib/x86_64-linux-gnu/librt-2.19.so
7fdc9867a000-7fdc98879000 ---p 00007000 08:05 805911                     /lib/x86_64-linux-gnu/librt-2.19.so
7fdc98879000-7fdc9887a000 r--p 00006000 08:05 805911                     /lib/x86_64-linux-gnu/librt-2.19.so
7fdc9887a000-7fdc9887b000 rw-p 00007000 08:05 805911                     /lib/x86_64-linux-gnu/librt-2.19.so
7fdc9887b000-7fdc98980000 r-xp 00000000 08:05 801654                     /lib/x86_64-linux-gnu/libm-2.19.so
7fdc98980000-7fdc98b7f000 ---p 00105000 08:05 801654                     /lib/x86_64-linux-gnu/libm-2.19.so
7fdc98b7f000-7fdc98b80000 r--p 00104000 08:05 801654                     /lib/x86_64-linux-gnu/libm-2.19.so
7fdc98b80000-7fdc98b81000 rw-p 00105000 08:05 801654                     /lib/x86_64-linux-gnu/libm-2.19.so
7fdc98b81000-7fdc996f7000 r-xp 00000000 08:05 1314493                    /usr/lib/jvm/jdk1.7.0_80/jre/lib/amd64/server/libjvm.so
7fdc996f7000-7fdc998f6000 ---p 00b76000 08:05 1314493                    /usr/lib/jvm/jdk1.7.0_80/jre/lib/amd64/server/libjvm.so
7fdc998f6000-7fdc999ba000 rw-p 00b75000 08:05 1314493                    /usr/lib/jvm/jdk1.7.0_80/jre/lib/amd64/server/libjvm.so
7fdc999ba000-7fdc999fb000 rw-p 00000000 00:00 0 
7fdc999fb000-7fdc99bb6000 r-xp 00000000 08:05 805770                     /lib/x86_64-linux-gnu/libc-2.19.so
7fdc99bb6000-7fdc99db5000 ---p 001bb000 08:05 805770                     /lib/x86_64-linux-gnu/libc-2.19.so
7fdc99db5000-7fdc99db9000 r--p 001ba000 08:05 805770                     /lib/x86_64-linux-gnu/libc-2.19.so
7fdc99db9000-7fdc99dbb000 rw-p 001be000 08:05 805770                     /lib/x86_64-linux-gnu/libc-2.19.so
7fdc99dbb000-7fdc99dc0000 rw-p 00000000 00:00 0 
7fdc99dc0000-7fdc99dc3000 r-xp 00000000 08:05 802039                     /lib/x86_64-linux-gnu/libdl-2.19.so
7fdc99dc3000-7fdc99fc2000 ---p 00003000 08:05 802039                     /lib/x86_64-linux-gnu/libdl-2.19.so
7fdc99fc2000-7fdc99fc3000 r--p 00002000 08:05 802039                     /lib/x86_64-linux-gnu/libdl-2.19.so
7fdc99fc3000-7fdc99fc4000 rw-p 00003000 08:05 802039                     /lib/x86_64-linux-gnu/libdl-2.19.so
7fdc99fc4000-7fdc99fd9000 r-xp 00000000 08:05 1188665                    /usr/lib/jvm/jdk1.7.0_80/lib/amd64/jli/libjli.so
7fdc99fd9000-7fdc9a1d8000 ---p 00015000 08:05 1188665                    /usr/lib/jvm/jdk1.7.0_80/lib/amd64/jli/libjli.so
7fdc9a1d8000-7fdc9a1d9000 rw-p 00014000 08:05 1188665                    /usr/lib/jvm/jdk1.7.0_80/lib/amd64/jli/libjli.so
7fdc9a1d9000-7fdc9a1f2000 r-xp 00000000 08:05 805799                     /lib/x86_64-linux-gnu/libpthread-2.19.so
7fdc9a1f2000-7fdc9a3f1000 ---p 00019000 08:05 805799                     /lib/x86_64-linux-gnu/libpthread-2.19.so
7fdc9a3f1000-7fdc9a3f2000 r--p 00018000 08:05 805799                     /lib/x86_64-linux-gnu/libpthread-2.19.so
7fdc9a3f2000-7fdc9a3f3000 rw-p 00019000 08:05 805799                     /lib/x86_64-linux-gnu/libpthread-2.19.so
7fdc9a3f3000-7fdc9a3f7000 rw-p 00000000 00:00 0 
7fdc9a3f7000-7fdc9a41a000 r-xp 00000000 08:05 805767                     /lib/x86_64-linux-gnu/ld-2.19.so
7fdc9a41a000-7fdc9a41b000 r--s 00007000 08:05 1076263                    /home/irv/Documents/lib/batik-xml.jar
7fdc9a41b000-7fdc9a41c000 r--s 00002000 08:05 1076256                    /home/irv/Documents/lib/batik-ext.jar
7fdc9a41c000-7fdc9a421000 r--s 00066000 08:05 1076248                    /home/irv/Documents/lib/antlr-2.7.5.jar
7fdc9a421000-7fdc9a43f000 rw-p 00000000 00:00 0 
7fdc9a43f000-7fdc9a4f5000 rw-p 00000000 00:00 0 
7fdc9a4f5000-7fdc9a4f8000 ---p 00000000 00:00 0 
7fdc9a4f8000-7fdc9a5fa000 rw-p 00000000 00:00 0                          [stack:5901]
7fdc9a5fa000-7fdc9a5fd000 r--s 00014000 08:05 1076249                    /home/irv/Documents/lib/barbecue-1.5-beta1.jar
7fdc9a5fd000-7fdc9a5fe000 r--s 00000000 08:05 1075323                    /home/irv/Documents/lib/AbsoluteLayout.jar
7fdc9a5fe000-7fdc9a605000 r--s 00094000 08:05 1190755                    /home/irv/netbeans-7.2/java/modules/ext/beansbinding-1.2.1.jar
7fdc9a605000-7fdc9a606000 r--s 00000000 08:05 1190792                    /home/irv/netbeans-7.2/java/modules/ext/AbsoluteLayout.jar
7fdc9a606000-7fdc9a60d000 r--s 000b7000 08:05 1188792                    /home/irv/netbeans-7.2/ide/modules/ext/mysql-connector-java-5.1.18-bin.jar
7fdc9a60d000-7fdc9a615000 rw-s 00000000 08:05 1705749                    /tmp/hsperfdata_irv/5899
7fdc9a615000-7fdc9a616000 rw-p 00000000 00:00 0 
7fdc9a616000-7fdc9a617000 r--p 00000000 00:00 0 
7fdc9a617000-7fdc9a619000 rw-p 00000000 00:00 0 
7fdc9a619000-7fdc9a61a000 r--p 00022000 08:05 805767                     /lib/x86_64-linux-gnu/ld-2.19.so
7fdc9a61a000-7fdc9a61b000 rw-p 00023000 08:05 805767                     /lib/x86_64-linux-gnu/ld-2.19.so
7fdc9a61b000-7fdc9a61c000 rw-p 00000000 00:00 0 
7ffe2ec73000-7ffe2ec95000 rw-p 00000000 00:00 0                          [stack]
7ffe2ecb8000-7ffe2ecba000 r-xp 00000000 00:00 0                          [vdso]
7ffe2ecba000-7ffe2ecbc000 r--p 00000000 00:00 0                          [vvar]
ffffffffff600000-ffffffffff601000 r-xp 00000000 00:00 0                  [vsyscall]

VM Arguments:
jvm_args: -Dfile.encoding=UTF-8 -Djava.library.path=/home/irv/Documents/ACAS BUILD 5/ACAS/i368-mingw32 
java_command: temp.Test
Launcher Type: SUN_STANDARD

Environment Variables:
PATH=/usr/local/sbin:/usr/local/bin:/usr/sbin:/usr/bin:/sbin:/bin:/usr/games:/usr/local/games
SHELL=/bin/bash
DISPLAY=:0.0

Signal Handlers:
SIGSEGV: [libjvm.so+0x9a3b20], sa_mask[0]=0x7ffbfeff, sa_flags=0x10000004
SIGBUS: [libjvm.so+0x9a3b20], sa_mask[0]=0x7ffbfeff, sa_flags=0x10000004
SIGFPE: [libjvm.so+0x81e740], sa_mask[0]=0x7ffbfeff, sa_flags=0x10000004
SIGPIPE: [libjvm.so+0x81e740], sa_mask[0]=0x7ffbfeff, sa_flags=0x10000004
SIGXFSZ: [libjvm.so+0x81e740], sa_mask[0]=0x7ffbfeff, sa_flags=0x10000004
SIGILL: [libjvm.so+0x81e740], sa_mask[0]=0x7ffbfeff, sa_flags=0x10000004
SIGUSR1: SIG_DFL, sa_mask[0]=0x00000000, sa_flags=0x00000000
SIGUSR2: [libjvm.so+0x81ffb0], sa_mask[0]=0x00000004, sa_flags=0x10000004
SIGHUP: [libjvm.so+0x8210d0], sa_mask[0]=0x7ffbfeff, sa_flags=0x10000004
SIGINT: SIG_IGN, sa_mask[0]=0x00000000, sa_flags=0x00000000
SIGTERM: [libjvm.so+0x8210d0], sa_mask[0]=0x7ffbfeff, sa_flags=0x10000004
SIGQUIT: [libjvm.so+0x8210d0], sa_mask[0]=0x7ffbfeff, sa_flags=0x10000004


---------------  S Y S T E M  ---------------

OS:jessie/sid

uname:Linux 3.16.0-53-generic #72~14.04.1-Ubuntu SMP Fri Nov 6 18:17:23 UTC 2015 x86_64
libc:glibc 2.19 NPTL 2.19 
rlimit: STACK 8192k, CORE 0k, NPROC 14965, NOFILE 4096, AS infinity
load average:1.27 0.69 0.45

/proc/meminfo:
MemTotal:        3852580 kB
MemFree:          186000 kB
MemAvailable:    1101624 kB
Buffers:          104644 kB
Cached:          1459988 kB
SwapCached:            0 kB
Active:          2489876 kB
Inactive:         938268 kB
Active(anon):    1867080 kB
Inactive(anon):   519204 kB
Active(file):     622796 kB
Inactive(file):   419064 kB
Unevictable:         432 kB
Mlocked:             432 kB
SwapTotal:       3996668 kB
SwapFree:        3996668 kB
Dirty:               604 kB
Writeback:             0 kB
AnonPages:       1866456 kB
Mapped:           455652 kB
Shmem:            522524 kB
Slab:             120308 kB
SReclaimable:      85396 kB
SUnreclaim:        34912 kB
KernelStack:        9984 kB
PageTables:        44280 kB
NFS_Unstable:          0 kB
Bounce:                0 kB
WritebackTmp:          0 kB
CommitLimit:     5922956 kB
Committed_AS:    6821280 kB
VmallocTotal:   34359738367 kB
VmallocUsed:      349420 kB
VmallocChunk:   34359353800 kB
HardwareCorrupted:     0 kB
AnonHugePages:    778240 kB
HugePages_Total:       0
HugePages_Free:        0
HugePages_Rsvd:        0
HugePages_Surp:        0
Hugepagesize:       2048 kB
DirectMap4k:      116532 kB
DirectMap2M:     3880960 kB


CPU:total 4 (2 cores per cpu, 2 threads per core) family 6 model 58 stepping 9, cmov, cx8, fxsr, mmx, sse, sse2, sse3, ssse3, sse4.1, sse4.2, popcnt, avx, erms, ht, tsc, tscinvbit, tscinv

/proc/cpuinfo:
processor	: 0
vendor_id	: GenuineIntel
cpu family	: 6
model		: 58
model name	: Intel(R) Core(TM) i3-3217U CPU @ 1.80GHz
stepping	: 9
microcode	: 0x17
cpu MHz		: 1800.000
cache size	: 3072 KB
physical id	: 0
siblings	: 4
core id		: 0
cpu cores	: 2
apicid		: 0
initial apicid	: 0
fpu		: yes
fpu_exception	: yes
cpuid level	: 13
wp		: yes
flags		: fpu vme de pse tsc msr pae mce cx8 apic sep mtrr pge mca cmov pat pse36 clflush dts acpi mmx fxsr sse sse2 ss ht tm pbe syscall nx rdtscp lm constant_tsc arch_perfmon pebs bts rep_good nopl xtopology nonstop_tsc aperfmperf eagerfpu pni pclmulqdq dtes64 monitor ds_cpl vmx est tm2 ssse3 cx16 xtpr pdcm pcid sse4_1 sse4_2 x2apic popcnt tsc_deadline_timer xsave avx f16c lahf_lm ida arat epb xsaveopt pln pts dtherm tpr_shadow vnmi flexpriority ept vpid fsgsbase smep erms
bogomips	: 3592.02
clflush size	: 64
cache_alignment	: 64
address sizes	: 36 bits physical, 48 bits virtual
power management:

processor	: 1
vendor_id	: GenuineIntel
cpu family	: 6
model		: 58
model name	: Intel(R) Core(TM) i3-3217U CPU @ 1.80GHz
stepping	: 9
microcode	: 0x17
cpu MHz		: 1800.000
cache size	: 3072 KB
physical id	: 0
siblings	: 4
core id		: 0
cpu cores	: 2
apicid		: 1
initial apicid	: 1
fpu		: yes
fpu_exception	: yes
cpuid level	: 13
wp		: yes
flags		: fpu vme de pse tsc msr pae mce cx8 apic sep mtrr pge mca cmov pat pse36 clflush dts acpi mmx fxsr sse sse2 ss ht tm pbe syscall nx rdtscp lm constant_tsc arch_perfmon pebs bts rep_good nopl xtopology nonstop_tsc aperfmperf eagerfpu pni pclmulqdq dtes64 monitor ds_cpl vmx est tm2 ssse3 cx16 xtpr pdcm pcid sse4_1 sse4_2 x2apic popcnt tsc_deadline_timer xsave avx f16c lahf_lm ida arat epb xsaveopt pln pts dtherm tpr_shadow vnmi flexpriority ept vpid fsgsbase smep erms
bogomips	: 3592.02
clflush size	: 64
cache_alignment	: 64
address sizes	: 36 bits physical, 48 bits virtual
power management:

processor	: 2
vendor_id	: GenuineIntel
cpu family	: 6
model		: 58
model name	: Intel(R) Core(TM) i3-3217U CPU @ 1.80GHz
stepping	: 9
microcode	: 0x17
cpu MHz		: 1800.000
cache size	: 3072 KB
physical id	: 0
siblings	: 4
core id		: 1
cpu cores	: 2
apicid		: 2
initial apicid	: 2
fpu		: yes
fpu_exception	: yes
cpuid level	: 13
wp		: yes
flags		: fpu vme de pse tsc msr pae mce cx8 apic sep mtrr pge mca cmov pat pse36 clflush dts acpi mmx fxsr sse sse2 ss ht tm pbe syscall nx rdtscp lm constant_tsc arch_perfmon pebs bts rep_good nopl xtopology nonstop_tsc aperfmperf eagerfpu pni pclmulqdq dtes64 monitor ds_cpl vmx est tm2 ssse3 cx16 xtpr pdcm pcid sse4_1 sse4_2 x2apic popcnt tsc_deadline_timer xsave avx f16c lahf_lm ida arat epb xsaveopt pln pts dtherm tpr_shadow vnmi flexpriority ept vpid fsgsbase smep erms
bogomips	: 3592.02
clflush size	: 64
cache_alignment	: 64
address sizes	: 36 bits physical, 48 bits virtual
power management:

processor	: 3
vendor_id	: GenuineIntel
cpu family	: 6
model		: 58
model name	: Intel(R) Core(TM) i3-3217U CPU @ 1.80GHz
stepping	: 9
microcode	: 0x17
cpu MHz		: 1800.000
cache size	: 3072 KB
physical id	: 0
siblings	: 4
core id		: 1
cpu cores	: 2
apicid		: 3
initial apicid	: 3
fpu		: yes
fpu_exception	: yes
cpuid level	: 13
wp		: yes
flags		: fpu vme de pse tsc msr pae mce cx8 apic sep mtrr pge mca cmov pat pse36 clflush dts acpi mmx fxsr sse sse2 ss ht tm pbe syscall nx rdtscp lm constant_tsc arch_perfmon pebs bts rep_good nopl xtopology nonstop_tsc aperfmperf eagerfpu pni pclmulqdq dtes64 monitor ds_cpl vmx est tm2 ssse3 cx16 xtpr pdcm pcid sse4_1 sse4_2 x2apic popcnt tsc_deadline_timer xsave avx f16c lahf_lm ida arat epb xsaveopt pln pts dtherm tpr_shadow vnmi flexpriority ept vpid fsgsbase smep erms
bogomips	: 3592.02
clflush size	: 64
cache_alignment	: 64
address sizes	: 36 bits physical, 48 bits virtual
power management:



Memory: 4k page, physical 3852580k(186000k free), swap 3996668k(3996668k free)

vm_info: Java HotSpot(TM) 64-Bit Server VM (24.80-b11) for linux-amd64 JRE (1.7.0_80-b15), built on Apr 10 2015 19:53:14 by "java_re" with gcc 4.3.0 20080428 (Red Hat 4.3.0-8)

time: Tue Nov 24 11:45:19 2015
elapsed time: 0 seconds

