#
# A fatal error has been detected by the Java Runtime Environment:
#
#  SIGSEGV (0xb) at pc=0x00007f10166f8462, pid=9374, tid=139707390244608
#
# JRE version: Java(TM) SE Runtime Environment (7.0_80-b15) (build 1.7.0_80-b15)
# Java VM: Java HotSpot(TM) 64-Bit Server VM (24.80-b11 mixed mode linux-amd64 compressed oops)
# Problematic frame:
# C  [librxtxSerial.so+0x6462]  read_byte_array+0x52
#
# Failed to write core dump. Core dumps have been disabled. To enable core dumping, try "ulimit -c unlimited" before starting Java again
#
# If you would like to submit a bug report, please visit:
#   http://bugreport.java.com/bugreport/crash.jsp
# The crash happened outside the Java Virtual Machine in native code.
# See problematic frame for where to report the bug.
#

---------------  T H R E A D  ---------------

Current thread (0x00007f102000b800):  JavaThread "main" [_thread_in_native, id=9376, stack(0x00007f10294e3000,0x00007f10295e4000)]

siginfo:si_signo=SIGSEGV: si_errno=0, si_code=1 (SEGV_MAPERR), si_addr=0x00000000166ef6f8

Registers:
RAX=0x00000000166ef6f0, RBX=0x000000000000005d, RCX=0x0000000000000001, RDX=0x00007f10289ba7f0
RSP=0x00007f10295e2600, RBP=0x00007f102000b9e8, RSI=0x00007f10166fbe30, RDI=0x00007f10166fbd3e
R8 =0x00007f10295e2570, R9 =0x00000000ec7f5708, R10=0x0000000000000000, R11=0x00007f10289bede8
R12=0x00000000ffffffff, R13=0x0000000000000000, R14=0x00007f10295e27c8, R15=0x00007f102000b800
RIP=0x00007f10166f8462, EFLAGS=0x0000000000010202, CSGSFS=0x0000000000000033, ERR=0x0000000000000004
  TRAPNO=0x000000000000000e

Top of Stack: (sp=0x00007f10295e2600)
0x00007f10295e2600:   00007f10166f2ed0 00007f10201ceac0
0x00007f10295e2610:   00007f10295e2650 00007f1028133863
0x00007f10295e2620:   00007f10166fbce8 00000000166ef6f0
0x00007f10295e2630:   00007f102000b800 0000000000000000
0x00007f10295e2640:   0000000000000000 000000012000b800
0x00007f10295e2650:   00007f10295e2747 0000005d281ae8b6
0x00007f10295e2660:   00007f102000b9e8 00007f10167fe830
0x00007f10295e2670:   0000000000000000 00000000c02bec20
0x00007f10295e2680:   00007f10295e27c8 00007f102000b800
0x00007f10295e2690:   00007f102000b9e8 00007f10293f4557
0x00007f10295e26a0:   0000001500000005 0000000000000000
0x00007f10295e26b0:   00007f102000b800 00007f10166f2ed0
0x00007f10295e26c0:   000000000000005d 00007f102000b9e8
0x00007f10295e26d0:   0000000000000000 00007f10293fb515
0x00007f10295e26e0:   ffffffffffffffff 00007f10295e2747
0x00007f10295e26f0:   000000000000005d 000000000000005d
0x00007f10295e2700:   00007f102000b9e8 0000000000000000
0x00007f10295e2710:   00000000c02bec20 00007f10295e27c8
0x00007f10295e2720:   00007f102000b800 00007f10166f899c
0x00007f10295e2730:   00000000c02bec20 00007f10295e27c8
0x00007f10295e2740:   00007f10295e27a8 00000000c02bec28
0x00007f10295e2750:   00007f10295e27a8 00007f101d012d98
0x00007f10295e2760:   00007f102000b800 00007f10295e2768
0x00007f10295e2770:   00000000c02bec20 00007f10295e27c8
0x00007f10295e2780:   00000000c02d1398 0000000000000000
0x00007f10295e2790:   00000000c02bec28 0000000000000000
0x00007f10295e27a0:   00007f10295e27c8 00007f10295e2830
0x00007f10295e27b0:   00007f101d0061d4 0000000000000000
0x00007f10295e27c0:   00007f101d00ecd6 00000000ec7f5708
0x00007f10295e27d0:   0000000000000001 0000000000000000
0x00007f10295e27e0:   0000000000000001 00000000ec7f5af8
0x00007f10295e27f0:   00007f10295e27d0 00000000c02d0761 

Instructions: (pc=0x00007f10166f8462)
0x00007f10166f8442:   89 44 24 4c 48 c7 44 24 40 00 00 00 00 48 c7 44
0x00007f10166f8452:   24 38 00 00 00 00 e8 53 d7 ff ff 48 89 44 24 28
0x00007f10166f8462:   8b 40 08 45 85 e4 48 8b 54 24 28 44 8b 7c 24 4c
0x00007f10166f8472:   89 44 24 34 c7 42 08 00 00 00 00 78 0c 31 c0 e8 

Register to memory mapping:

RAX=0x00000000166ef6f0 is an unknown value
RBX=0x000000000000005d is an unknown value
RCX=0x0000000000000001 is an unknown value
RDX=0x00007f10289ba7f0: <offset 0xe4b7f0> in /usr/lib/jvm/jdk1.7.0_80/jre/lib/amd64/server/libjvm.so at 0x00007f1027b6f000
RSP=0x00007f10295e2600 is pointing into the stack for thread: 0x00007f102000b800
RBP=0x00007f102000b9e8 is an unknown value
RSI=0x00007f10166fbe30: <offset 0x9e30> in /home/irv/Documents/ACAS BUILD 5/ACAS/i368-mingw32/librxtxSerial.so at 0x00007f10166f2000
RDI=0x00007f10166fbd3e: <offset 0x9d3e> in /home/irv/Documents/ACAS BUILD 5/ACAS/i368-mingw32/librxtxSerial.so at 0x00007f10166f2000
R8 =0x00007f10295e2570 is pointing into the stack for thread: 0x00007f102000b800
R9 =0x00000000ec7f5708 is an oop
gnu.io.RXTXPort 
 - klass: 'gnu/io/RXTXPort'
R10=0x0000000000000000 is an unknown value
R11=0x00007f10289bede8: <offset 0xe4fde8> in /usr/lib/jvm/jdk1.7.0_80/jre/lib/amd64/server/libjvm.so at 0x00007f1027b6f000
R12=0x00000000ffffffff is an unallocated location in the heap
R13=0x0000000000000000 is an unknown value
R14=0x00007f10295e27c8 is pointing into the stack for thread: 0x00007f102000b800
R15=0x00007f102000b800 is a thread


Stack: [0x00007f10294e3000,0x00007f10295e4000],  sp=0x00007f10295e2600,  free space=1021k
Native frames: (J=compiled Java code, j=interpreted, Vv=VM code, C=native code)
C  [librxtxSerial.so+0x6462]  read_byte_array+0x52

Java frames: (J=compiled Java code, j=interpreted, Vv=VM code)
j  gnu.io.RXTXPort.readByte()I+0
j  gnu.io.RXTXPort$SerialInputStream.read()I+81
j  temp.MySms.read(II)Z+27
j  temp.MySms.<init>(Ljava/lang/String;)V+360
j  temp.Test.main([Ljava/lang/String;)V+6
v  ~StubRoutines::call_stub

---------------  P R O C E S S  ---------------

Java Threads: ( => current thread )
  0x00007f1020532000 JavaThread "Thread-0" [_thread_in_native, id=9391, stack(0x00007f10165f0000,0x00007f10166f1000)]
  0x00007f102009a000 JavaThread "Service Thread" daemon [_thread_blocked, id=9389, stack(0x00007f1016d12000,0x00007f1016e13000)]
  0x00007f1020097800 JavaThread "C2 CompilerThread1" daemon [_thread_blocked, id=9388, stack(0x00007f1016e13000,0x00007f1016f14000)]
  0x00007f1020095000 JavaThread "C2 CompilerThread0" daemon [_thread_blocked, id=9387, stack(0x00007f1016f14000,0x00007f1017015000)]
  0x00007f1020092800 JavaThread "Signal Dispatcher" daemon [_thread_blocked, id=9386, stack(0x00007f1017015000,0x00007f1017116000)]
  0x00007f1020072000 JavaThread "Finalizer" daemon [_thread_blocked, id=9385, stack(0x00007f10177f8000,0x00007f10178f9000)]
  0x00007f1020070000 JavaThread "Reference Handler" daemon [_thread_blocked, id=9384, stack(0x00007f10178f9000,0x00007f10179fa000)]
=>0x00007f102000b800 JavaThread "main" [_thread_in_native, id=9376, stack(0x00007f10294e3000,0x00007f10295e4000)]

Other Threads:
  0x00007f102006b800 VMThread [stack: 0x00007f10179fa000,0x00007f1017afb000] [id=9383]
  0x00007f10200a5000 WatcherThread [stack: 0x00007f1016c11000,0x00007f1016d12000] [id=9390]

VM state:not at safepoint (normal execution)

VM Mutex/Monitor currently owned by a thread: None

Heap
 PSYoungGen      total 17920K, used 2470K [0x00000000ec600000, 0x00000000eda00000, 0x0000000100000000)
  eden space 15360K, 16% used [0x00000000ec600000,0x00000000ec869b58,0x00000000ed500000)
  from space 2560K, 0% used [0x00000000ed780000,0x00000000ed780000,0x00000000eda00000)
  to   space 2560K, 0% used [0x00000000ed500000,0x00000000ed500000,0x00000000ed780000)
 ParOldGen       total 39936K, used 0K [0x00000000c5200000, 0x00000000c7900000, 0x00000000ec600000)
  object space 39936K, 0% used [0x00000000c5200000,0x00000000c5200000,0x00000000c7900000)
 PSPermGen       total 21504K, used 2931K [0x00000000c0000000, 0x00000000c1500000, 0x00000000c5200000)
  object space 21504K, 13% used [0x00000000c0000000,0x00000000c02dcf70,0x00000000c1500000)

Card table byte_map: [0x00007f10265d3000,0x00007f10267d4000] byte_map_base: 0x00007f1025fd3000

Polling page: 0x00007f1029604000

Code Cache  [0x00007f101d000000, 0x00007f101d270000, 0x00007f1020000000)
 total_blobs=201 nmethods=18 adapters=137 free_code_cache=48740Kb largest_free_block=49893120

Compilation events (10 events):
Event: 0.252 Thread 0x00007f1020097800 nmethod 12 0x00007f101d065a90 code [0x00007f101d065c40, 0x00007f101d066688]
Event: 0.252 Thread 0x00007f1020097800   14             java.util.LinkedList::indexOf (73 bytes)
Event: 0.256 Thread 0x00007f1020097800 nmethod 14 0x00007f101d065610 code [0x00007f101d065760, 0x00007f101d065958]
Event: 0.256 Thread 0x00007f1020097800   15             java.lang.String::indexOf (166 bytes)
Event: 0.263 Thread 0x00007f1020095000 nmethod 13 0x00007f101d067510 code [0x00007f101d0677a0, 0x00007f101d068290]
Event: 0.264 Thread 0x00007f1020095000   16             java.lang.String::equals (81 bytes)
Event: 0.268 Thread 0x00007f1020097800 nmethod 15 0x00007f101d064310 code [0x00007f101d064480, 0x00007f101d0648f8]
Event: 0.269 Thread 0x00007f1020095000 nmethod 16 0x00007f101d063e10 code [0x00007f101d063f60, 0x00007f101d0641b8]
Event: 0.281 Thread 0x00007f1020097800   17             java.lang.Object::<init> (1 bytes)
Event: 0.281 Thread 0x00007f1020097800 nmethod 17 0x00007f101d0653d0 code [0x00007f101d065500, 0x00007f101d065578]

GC Heap History (0 events):
No events

Deoptimization events (5 events):
Event: 0.140 Thread 0x00007f102000b800 Uncommon trap: reason=unstable_if action=reinterpret pc=0x00007f101d0607f4 method=java.lang.String.indexOf(II)I @ 49
Event: 0.221 Thread 0x00007f102000b800 Uncommon trap: reason=unstable_if action=reinterpret pc=0x00007f101d0635c4 method=java.io.UnixFileSystem.normalize(Ljava/lang/String;)Ljava/lang/String; @ 60
Event: 0.232 Thread 0x00007f102000b800 Uncommon trap: reason=unstable_if action=reinterpret pc=0x00007f101d05fccc method=java.lang.String.hashCode()I @ 14
Event: 0.249 Thread 0x00007f102000b800 Uncommon trap: reason=null_check action=make_not_entrant pc=0x00007f101d0651f4 method=java.lang.String.equals(Ljava/lang/Object;)Z @ 8
Event: 0.284 Thread 0x00007f102000b800 Uncommon trap: reason=unstable_if action=reinterpret pc=0x00007f101d06484c method=java.lang.String.indexOf([CII[CIII)I @ 134

Internal exceptions (10 events):
Event: 0.184 Thread 0x00007f102000b800 Threw 0x00000000ec7048c8 at /HUDSON/workspace/7u-2-build-linux-amd64/jdk7u80/2329/hotspot/src/share/vm/prims/jvm.cpp:1319
Event: 0.184 Thread 0x00007f102000b800 Threw 0x00000000ec7049f0 at /HUDSON/workspace/7u-2-build-linux-amd64/jdk7u80/2329/hotspot/src/share/vm/prims/jvm.cpp:1319
Event: 0.198 Thread 0x00007f102000b800 Threw 0x00000000ec7310f8 at /HUDSON/workspace/7u-2-build-linux-amd64/jdk7u80/2329/hotspot/src/share/vm/prims/jvm.cpp:1319
Event: 0.198 Thread 0x00007f102000b800 Threw 0x00000000ec731220 at /HUDSON/workspace/7u-2-build-linux-amd64/jdk7u80/2329/hotspot/src/share/vm/prims/jvm.cpp:1319
Event: 0.233 Thread 0x00007f102000b800 Threw 0x00000000ec75e428 at /HUDSON/workspace/7u-2-build-linux-amd64/jdk7u80/2329/hotspot/src/share/vm/prims/jvm.cpp:1319
Event: 0.249 Thread 0x00007f102000b800 Implicit null exception at 0x00007f101d065001 to 0x00007f101d0651e5
Event: 0.255 Thread 0x00007f102000b800 Threw 0x00000000ec79f930 at /HUDSON/workspace/7u-2-build-linux-amd64/jdk7u80/2329/hotspot/src/share/vm/prims/jni.cpp:717
Event: 0.277 Thread 0x00007f102000b800 Threw 0x00000000ec7b3410 at /HUDSON/workspace/7u-2-build-linux-amd64/jdk7u80/2329/hotspot/src/share/vm/prims/jni.cpp:717
Event: 0.285 Thread 0x00007f102000b800 Threw 0x00000000ec7c44f0 at /HUDSON/workspace/7u-2-build-linux-amd64/jdk7u80/2329/hotspot/src/share/vm/prims/jni.cpp:717
Event: 0.298 Thread 0x00007f102000b800 Threw 0x00000000ec7d7a40 at /HUDSON/workspace/7u-2-build-linux-amd64/jdk7u80/2329/hotspot/src/share/vm/prims/jni.cpp:717

Events (10 events):
Event: 0.309 loading class 0x00007f1020533f50 done
Event: 0.310 loading class 0x00007f1020533ee0
Event: 0.310 loading class 0x00007f1020533ee0 done
Event: 0.310 loading class 0x00007f101cdc9f70
Event: 0.310 loading class 0x00007f101cdc9f70 done
Event: 0.311 loading class 0x00007f101cda5fe0
Event: 0.311 loading class 0x00007f101cda5fe0 done
Event: 0.312 loading class 0x00007f1020553b90
Event: 0.312 loading class 0x00007f1020553b90 done
Event: 0.313 Thread 0x00007f1020532000 Thread added: 0x00007f1020532000


Dynamic libraries:
00400000-00401000 r-xp 00000000 08:05 1071155                            /usr/lib/jvm/jdk1.7.0_80/bin/java
00600000-00601000 rw-p 00000000 08:05 1071155                            /usr/lib/jvm/jdk1.7.0_80/bin/java
00b66000-00b87000 rw-p 00000000 00:00 0                                  [heap]
c0000000-c1500000 rw-p 00000000 00:00 0 
c1500000-c5200000 rw-p 00000000 00:00 0 
c5200000-c7900000 rw-p 00000000 00:00 0 
c7900000-ec600000 rw-p 00000000 00:00 0 
ec600000-eda00000 rw-p 00000000 00:00 0 
eda00000-100000000 rw-p 00000000 00:00 0 
7f0fe0000000-7f0fe0021000 rw-p 00000000 00:00 0 
7f0fe0021000-7f0fe4000000 ---p 00000000 00:00 0 
7f0fe4000000-7f0fe4021000 rw-p 00000000 00:00 0 
7f0fe4021000-7f0fe8000000 ---p 00000000 00:00 0 
7f0fe8000000-7f0fe8158000 rw-p 00000000 00:00 0 
7f0fe8158000-7f0fec000000 ---p 00000000 00:00 0 
7f0fec000000-7f0fec021000 rw-p 00000000 00:00 0 
7f0fec021000-7f0ff0000000 ---p 00000000 00:00 0 
7f0ff0000000-7f0ff0021000 rw-p 00000000 00:00 0 
7f0ff0021000-7f0ff4000000 ---p 00000000 00:00 0 
7f0ff4000000-7f0ff4146000 rw-p 00000000 00:00 0 
7f0ff4146000-7f0ff8000000 ---p 00000000 00:00 0 
7f0ff8000000-7f0ff8021000 rw-p 00000000 00:00 0 
7f0ff8021000-7f0ffc000000 ---p 00000000 00:00 0 
7f0ffc000000-7f0ffc021000 rw-p 00000000 00:00 0 
7f0ffc021000-7f1000000000 ---p 00000000 00:00 0 
7f1000000000-7f1000021000 rw-p 00000000 00:00 0 
7f1000021000-7f1004000000 ---p 00000000 00:00 0 
7f1004000000-7f1004021000 rw-p 00000000 00:00 0 
7f1004021000-7f1008000000 ---p 00000000 00:00 0 
7f1008000000-7f1008021000 rw-p 00000000 00:00 0 
7f1008021000-7f100c000000 ---p 00000000 00:00 0 
7f1010000000-7f1010021000 rw-p 00000000 00:00 0 
7f1010021000-7f1014000000 ---p 00000000 00:00 0 
7f10165f0000-7f10165f3000 ---p 00000000 00:00 0 
7f10165f3000-7f10166f2000 rw-p 00000000 00:00 0                          [stack:9391]
7f10166f2000-7f10166fe000 r-xp 00000000 08:05 1703995                    /home/irv/Documents/ACAS BUILD 5/ACAS/i368-mingw32/librxtxSerial.so
7f10166fe000-7f10167fd000 ---p 0000c000 08:05 1703995                    /home/irv/Documents/ACAS BUILD 5/ACAS/i368-mingw32/librxtxSerial.so
7f10167fd000-7f10167ff000 rw-p 0000b000 08:05 1703995                    /home/irv/Documents/ACAS BUILD 5/ACAS/i368-mingw32/librxtxSerial.so
7f10167ff000-7f1016805000 r--s 00051000 08:05 1705775                    /home/irv/Downloads/smslib-3.5.4.jar
7f1016805000-7f101680c000 r--s 00044000 08:05 1323772                    /home/irv/Downloads/jsmpp-2.1.0/jsmpp-2.1.0.jar
7f101680c000-7f1016811000 r--s 0002c000 08:05 1705773                    /home/irv/Downloads/commons-net-2.0.jar
7f1016811000-7f101681a000 r--s 0006f000 08:05 1323485                    /home/irv/Downloads/apache-log4j-1.2.17/log4j-1.2.17.jar
7f101681a000-7f1016827000 r--s 000f3000 08:05 1185097                    /home/irv/Downloads/jfreechart.jar
7f1016827000-7f1016829000 r--s 0000d000 08:05 1075301                    /home/irv/Documents/lib/RXTXcomm.jar
7f1016829000-7f1016867000 r--s 0025b000 08:05 1076322                    /home/irv/Documents/lib/xmlbeans-2.5.0.jar
7f1016867000-7f101686c000 r--s 00010000 08:05 1076320                    /home/irv/Documents/lib/xml-apis-ext.jar
7f101686c000-7f1016885000 r--s 00134000 08:05 1076319                    /home/irv/Documents/lib/xercesImpl-2.10.0.jar
7f1016885000-7f10168aa000 r--s 002e3000 08:05 1076318                    /home/irv/Documents/lib/xalan-2.7.1.jar
7f10168aa000-7f10168b8000 r--s 000b7000 08:05 1076317                    /home/irv/Documents/lib/velocity-1.7-dep.jar
7f10168b8000-7f10168c2000 r--s 0004a000 08:05 1076316                    /home/irv/Documents/lib/syntheticaClassy.jar
7f10168c2000-7f10168cc000 r--s 00059000 08:05 1076315                    /home/irv/Documents/lib/syntheticaAluOxide.jar
7f10168cc000-7f10168d9000 r--s 00093000 08:05 1076314                    /home/irv/Documents/lib/synthetica.jar
7f10168d9000-7f10168f6000 r--s 00151000 08:05 1076313                    /home/irv/Documents/lib/swingx-all-1.6.3.jar
7f10168f6000-7f10168fd000 r--s 00040000 08:05 1076312                    /home/irv/Documents/lib/spring-core-2.5.5.jar
7f10168fd000-7f1016907000 r--s 0006d000 08:05 1076311                    /home/irv/Documents/lib/spring-beans-2.5.5.jar
7f1016907000-7f1016909000 r--s 00016000 08:05 1076310                    /home/irv/Documents/lib/servlet-api-2.4.jar
7f1016909000-7f1016912000 r--s 0002d000 08:05 1076321                    /home/irv/Documents/lib/xml-apis.jar
7f1016912000-7f1016915000 r--s 00041000 08:05 1076309                    /home/irv/Documents/lib/serializer.jar
7f1016915000-7f1016917000 r--s 00003000 08:05 1076308                    /home/irv/Documents/lib/saaj-api-1.3.jar
7f1016917000-7f101691a000 r--s 00027000 08:05 1076307                    /home/irv/Documents/lib/rs2xml.jar
7f101691a000-7f1016927000 r--s 00106000 08:05 1076306                    /home/irv/Documents/lib/rhino-1.7R3.jar
7f1016927000-7f10169a6000 r--s 0034a000 08:05 1076305                    /home/irv/Documents/lib/poi-ooxml-schemas-3.7-20101029.jar
7f10169a6000-7f10169ad000 r--s 00073000 08:05 1076304                    /home/irv/Documents/lib/poi-ooxml-3.7-20101029.jar
7f10169ad000-7f10169ca000 r--s 0017c000 08:05 1076303                    /home/irv/Documents/lib/poi-3.7-20101029.jar
7f10169ca000-7f10169cb000 r--s 00002000 08:05 1076302                    /home/irv/Documents/lib/png-encoder-1.5.jar
7f10169cb000-7f10169d3000 r--s 00065000 08:05 1076301                    /home/irv/Documents/lib/olap4j-0.9.7.309-JS-3.jar
7f10169d3000-7f10169db000 r--s 000c3000 08:05 1076300                    /home/irv/Documents/lib/mysql-connector-java-5.1.23-bin.jar
7f10169db000-7f1016a03000 r--s 0025e000 08:05 1076299                    /home/irv/Documents/lib/mondrian-3.1.1.12687.jar
7f1016a03000-7f1016a0c000 r--s 00055000 08:05 1076298                    /home/irv/Documents/lib/lucene-queryparser-4.5.1.jar
7f1016a0c000-7f1016a32000 r--s 0020b000 08:05 1076297                    /home/irv/Documents/lib/lucene-core-4.5.1.jar
7f1016a32000-7f1016a42000 r--s 00174000 08:05 1076296                    /home/irv/Documents/lib/lucene-analyzers-common-4.5.1.jar
7f1016a42000-7f1016a49000 r--s 00059000 08:05 1076295                    /home/irv/Documents/lib/log4j-1.2.15.jar
7f1016a49000-7f1016a55000 r--s 000aa000 08:05 1076294                    /home/irv/Documents/lib/jxl-2.6.10.jar
7f1016a55000-7f1016a58000 r--s 00009000 08:05 1076293                    /home/irv/Documents/lib/jpa.jar
7f1016a58000-7f1016a66000 r--s 00121000 08:05 1076292                    /home/irv/Documents/lib/jide-oss-3.3.4-sources.jar
7f1016a66000-7f1016a81000 r--s 00132000 08:05 1076291                    /home/irv/Documents/lib/jide-common.jar
7f1016a81000-7f1016a91000 r--s 0013f000 08:05 1076290                    /home/irv/Documents/lib/jfreechart-1.0.12.jar
7f1016a91000-7f1016a9b000 r--s 0011e000 08:05 1076289                    /home/irv/Documents/lib/jdt-compiler-3.1.1.jar
7f1016a9b000-7f1016aa1000 r--s 00046000 08:05 1076288                    /home/irv/Documents/lib/jcommon-1.0.15.jar
7f1016aa1000-7f1016aa7000 r--s 00023000 08:05 1076287                    /home/irv/Documents/lib/jcalendar-1.4.jar
7f1016aa7000-7f1016aad000 r--s 00032000 08:05 1076286                    /home/irv/Documents/lib/jaxen-1.1.1.jar
7f1016aad000-7f1016b07000 r--s 0046e000 08:05 1076285                    /home/irv/Documents/lib/jasperreports-javaflow-5.6.0.jar
7f1016b07000-7f1016b09000 r--s 0025c000 08:05 1076284                    /home/irv/Documents/lib/jasperreports-fonts-5.6.0.jar
7f1016b09000-7f1016b14000 r--s 0007c000 08:05 1076283                    /home/irv/Documents/lib/jasperreports-applet-5.6.0.jar
7f1016b14000-7f1016b6f000 r--s 00463000 08:05 1076282                    /home/irv/Documents/lib/jasperreports-5.6.0.jar
7f1016b6f000-7f1016b80000 r--s 000d2000 08:05 1076281                    /home/irv/Documents/lib/jackson-databind-2.1.4.jar
7f1016b80000-7f1016b84000 r--s 0002f000 08:05 1076280                    /home/irv/Documents/lib/jackson-core-2.1.4.jar
7f1016b84000-7f1016b91000 r--s 00108000 08:05 1076278                    /home/irv/Documents/lib/iText-2.1.7.js2.jar
7f1016b91000-7f1016b9a000 r--s 000a4000 08:05 1076277                    /home/irv/Documents/lib/hsqldb-1.8.0-10.jar
7f1016b9a000-7f1016bb2000 r--s 00181000 08:05 1076276                    /home/irv/Documents/lib/hibernate3.jar
7f1016bb2000-7f1016c11000 r--s 00589000 08:05 1076275                    /home/irv/Documents/lib/groovy-all-2.0.1.jar
7f1016c11000-7f1016c12000 ---p 00000000 00:00 0 
7f1016c12000-7f1016d12000 rw-p 00000000 00:00 0                          [stack:9390]
7f1016d12000-7f1016d15000 ---p 00000000 00:00 0 
7f1016d15000-7f1016e13000 rw-p 00000000 00:00 0                          [stack:9389]
7f1016e13000-7f1016e16000 ---p 00000000 00:00 0 
7f1016e16000-7f1016f14000 rw-p 00000000 00:00 0                          [stack:9388]
7f1016f14000-7f1016f17000 ---p 00000000 00:00 0 
7f1016f17000-7f1017015000 rw-p 00000000 00:00 0                          [stack:9387]
7f1017015000-7f1017018000 ---p 00000000 00:00 0 
7f1017018000-7f1017116000 rw-p 00000000 00:00 0                          [stack:9386]
7f1017116000-7f10177f8000 r--p 00000000 08:05 2498585                    /usr/lib/locale/locale-archive
7f10177f8000-7f10177fb000 ---p 00000000 00:00 0 
7f10177fb000-7f10178f9000 rw-p 00000000 00:00 0                          [stack:9385]
7f10178f9000-7f10178fc000 ---p 00000000 00:00 0 
7f10178fc000-7f10179fa000 rw-p 00000000 00:00 0                          [stack:9384]
7f10179fa000-7f10179fb000 ---p 00000000 00:00 0 
7f10179fb000-7f1018000000 rw-p 00000000 00:00 0                          [stack:9383]
7f1018000000-7f1018021000 rw-p 00000000 00:00 0 
7f1018021000-7f101c000000 ---p 00000000 00:00 0 
7f101c000000-7f101c002000 r--s 00007000 08:05 1076279                    /home/irv/Documents/lib/jackson-annotations-2.1.4.jar
7f101c002000-7f101c015000 r--s 000c4000 08:05 1076274                    /home/irv/Documents/lib/glazedlists_java15-1.9.0.jar
7f101c015000-7f101c01a000 r--s 00048000 08:05 1076273                    /home/irv/Documents/lib/dom4j-1.6.1.jar
7f101c01a000-7f101c01c000 r--s 0000d000 08:05 1076272                    /home/irv/Documents/lib/commons-logging-1.1.1.jar
7f101c01c000-7f101c01f000 r--s 00015000 08:05 1076271                    /home/irv/Documents/lib/commons-javaflow-20060411.jar
7f101c01f000-7f101c025000 r--s 0002b000 08:05 1076270                    /home/irv/Documents/lib/commons-digester-2.1.jar
7f101c025000-7f101c033000 r--s 0007f000 08:05 1076269                    /home/irv/Documents/lib/commons-collections-3.2.1.jar
7f101c033000-7f101c038000 r--s 00034000 08:05 1076268                    /home/irv/Documents/lib/commons-beanutils-1.8.0.jar
7f101c038000-7f101c047000 r--s 000c3000 08:05 1076267                    /home/irv/Documents/lib/castor-1.2.jar
7f101c047000-7f101c04c000 r--s 00040000 08:05 1076266                    /home/irv/Documents/lib/bsh-2.0b4.jar
7f101c04c000-7f101c053000 r--s 00094000 08:05 1076265                    /home/irv/Documents/lib/beansbinding-1.2.1.jar
7f101c053000-7f101c05d000 r--s 00079000 08:05 1076264                    /home/irv/Documents/lib/bcel-5.2.jar
7f101c05d000-7f101c060000 r--s 0001d000 08:05 1076262                    /home/irv/Documents/lib/batik-util.jar
7f101c060000-7f101c065000 r--s 00030000 08:05 1076261                    /home/irv/Documents/lib/batik-svggen.jar
7f101c065000-7f101c072000 r--s 00087000 08:05 1076260                    /home/irv/Documents/lib/batik-svg-dom.jar
7f101c072000-7f101c075000 r--s 0000d000 08:05 1076259                    /home/irv/Documents/lib/batik-script.jar
7f101c075000-7f101c077000 r--s 00010000 08:05 1076258                    /home/irv/Documents/lib/batik-parser.jar
7f101c077000-7f101c07b000 r--s 00038000 08:05 1076257                    /home/irv/Documents/lib/batik-gvt.jar
7f101c07b000-7f101c07f000 r--s 00027000 08:05 1076255                    /home/irv/Documents/lib/batik-dom.jar
7f101c07f000-7f101c087000 r--s 00045000 08:05 1076254                    /home/irv/Documents/lib/batik-css.jar
7f101c087000-7f101c091000 r--s 00080000 08:05 1076253                    /home/irv/Documents/lib/batik-bridge.jar
7f101c091000-7f101c098000 r--s 0005c000 08:05 1076252                    /home/irv/Documents/lib/batik-awt-util.jar
7f101c098000-7f101c09b000 r--s 00015000 08:05 1076251                    /home/irv/Documents/lib/batik-anim.jar
7f101c09b000-7f101c0a0000 r--s 0003e000 08:05 1076250                    /home/irv/Documents/lib/barcode4j-2.1.jar
7f101c0a0000-7f101c0a3000 r--s 00014000 08:05 1076249                    /home/irv/Documents/lib/barbecue-1.5-beta1.jar
7f101c0a3000-7f101c0b7000 r--s 0012f000 08:05 1076232                    /home/irv/Documents/lib/ant-1.7.1.jar
7f101c0b7000-7f101cb6f000 rw-p 00000000 00:00 0 
7f101cb6f000-7f101cd2f000 r--s 039fb000 08:05 1070230                    /usr/lib/jvm/jdk1.7.0_80/jre/lib/rt.jar
7f101cd2f000-7f101d000000 rw-p 00000000 00:00 0 
7f101d000000-7f101d270000 rwxp 00000000 00:00 0 
7f101d270000-7f1020565000 rw-p 00000000 00:00 0 
7f1020565000-7f1024000000 ---p 00000000 00:00 0 
7f1024000000-7f1024001000 r--s 00007000 08:05 1076263                    /home/irv/Documents/lib/batik-xml.jar
7f1024001000-7f1024002000 r--s 00002000 08:05 1076256                    /home/irv/Documents/lib/batik-ext.jar
7f1024002000-7f102606c000 rw-p 00000000 00:00 0 
7f102606c000-7f102606d000 ---p 00000000 00:00 0 
7f102606d000-7f102616d000 rw-p 00000000 00:00 0                          [stack:9382]
7f102616d000-7f102616e000 ---p 00000000 00:00 0 
7f102616e000-7f102626e000 rw-p 00000000 00:00 0                          [stack:9381]
7f102626e000-7f102626f000 ---p 00000000 00:00 0 
7f102626f000-7f102636f000 rw-p 00000000 00:00 0                          [stack:9380]
7f102636f000-7f1026370000 ---p 00000000 00:00 0 
7f1026370000-7f102647b000 rw-p 00000000 00:00 0                          [stack:9379]
7f102647b000-7f1026499000 rw-p 00000000 00:00 0 
7f1026499000-7f10264ad000 rw-p 00000000 00:00 0 
7f10264ad000-7f10265d3000 rw-p 00000000 00:00 0 
7f10265d3000-7f10265de000 rw-p 00000000 00:00 0 
7f10265de000-7f10265fc000 rw-p 00000000 00:00 0 
7f10265fc000-7f1026610000 rw-p 00000000 00:00 0 
7f1026610000-7f1026736000 rw-p 00000000 00:00 0 
7f1026736000-7f1026740000 rw-p 00000000 00:00 0 
7f1026740000-7f10267d3000 rw-p 00000000 00:00 0 
7f10267d3000-7f10267d4000 rw-p 00000000 00:00 0 
7f10267d4000-7f10267eb000 r-xp 00000000 08:05 1188636                    /usr/lib/jvm/jdk1.7.0_80/jre/lib/amd64/libzip.so
7f10267eb000-7f10269eb000 ---p 00017000 08:05 1188636                    /usr/lib/jvm/jdk1.7.0_80/jre/lib/amd64/libzip.so
7f10269eb000-7f10269ec000 rw-p 00017000 08:05 1188636                    /usr/lib/jvm/jdk1.7.0_80/jre/lib/amd64/libzip.so
7f10269ec000-7f10269f7000 r-xp 00000000 08:05 801655                     /lib/x86_64-linux-gnu/libnss_files-2.19.so
7f10269f7000-7f1026bf6000 ---p 0000b000 08:05 801655                     /lib/x86_64-linux-gnu/libnss_files-2.19.so
7f1026bf6000-7f1026bf7000 r--p 0000a000 08:05 801655                     /lib/x86_64-linux-gnu/libnss_files-2.19.so
7f1026bf7000-7f1026bf8000 rw-p 0000b000 08:05 801655                     /lib/x86_64-linux-gnu/libnss_files-2.19.so
7f1026bf8000-7f1026c03000 r-xp 00000000 08:05 805914                     /lib/x86_64-linux-gnu/libnss_nis-2.19.so
7f1026c03000-7f1026e02000 ---p 0000b000 08:05 805914                     /lib/x86_64-linux-gnu/libnss_nis-2.19.so
7f1026e02000-7f1026e03000 r--p 0000a000 08:05 805914                     /lib/x86_64-linux-gnu/libnss_nis-2.19.so
7f1026e03000-7f1026e04000 rw-p 0000b000 08:05 805914                     /lib/x86_64-linux-gnu/libnss_nis-2.19.so
7f1026e04000-7f1026e1b000 r-xp 00000000 08:05 805606                     /lib/x86_64-linux-gnu/libnsl-2.19.so
7f1026e1b000-7f102701a000 ---p 00017000 08:05 805606                     /lib/x86_64-linux-gnu/libnsl-2.19.so
7f102701a000-7f102701b000 r--p 00016000 08:05 805606                     /lib/x86_64-linux-gnu/libnsl-2.19.so
7f102701b000-7f102701c000 rw-p 00017000 08:05 805606                     /lib/x86_64-linux-gnu/libnsl-2.19.so
7f102701c000-7f102701e000 rw-p 00000000 00:00 0 
7f102701e000-7f1027027000 r-xp 00000000 08:05 805603                     /lib/x86_64-linux-gnu/libnss_compat-2.19.so
7f1027027000-7f1027226000 ---p 00009000 08:05 805603                     /lib/x86_64-linux-gnu/libnss_compat-2.19.so
7f1027226000-7f1027227000 r--p 00008000 08:05 805603                     /lib/x86_64-linux-gnu/libnss_compat-2.19.so
7f1027227000-7f1027228000 rw-p 00009000 08:05 805603                     /lib/x86_64-linux-gnu/libnss_compat-2.19.so
7f1027228000-7f1027251000 r-xp 00000000 08:05 1188604                    /usr/lib/jvm/jdk1.7.0_80/jre/lib/amd64/libjava.so
7f1027251000-7f1027451000 ---p 00029000 08:05 1188604                    /usr/lib/jvm/jdk1.7.0_80/jre/lib/amd64/libjava.so
7f1027451000-7f1027453000 rw-p 00029000 08:05 1188604                    /usr/lib/jvm/jdk1.7.0_80/jre/lib/amd64/libjava.so
7f1027453000-7f1027460000 r-xp 00000000 08:05 1188629                    /usr/lib/jvm/jdk1.7.0_80/jre/lib/amd64/libverify.so
7f1027460000-7f102765f000 ---p 0000d000 08:05 1188629                    /usr/lib/jvm/jdk1.7.0_80/jre/lib/amd64/libverify.so
7f102765f000-7f1027661000 rw-p 0000c000 08:05 1188629                    /usr/lib/jvm/jdk1.7.0_80/jre/lib/amd64/libverify.so
7f1027661000-7f1027668000 r-xp 00000000 08:05 805911                     /lib/x86_64-linux-gnu/librt-2.19.so
7f1027668000-7f1027867000 ---p 00007000 08:05 805911                     /lib/x86_64-linux-gnu/librt-2.19.so
7f1027867000-7f1027868000 r--p 00006000 08:05 805911                     /lib/x86_64-linux-gnu/librt-2.19.so
7f1027868000-7f1027869000 rw-p 00007000 08:05 805911                     /lib/x86_64-linux-gnu/librt-2.19.so
7f1027869000-7f102796e000 r-xp 00000000 08:05 801654                     /lib/x86_64-linux-gnu/libm-2.19.so
7f102796e000-7f1027b6d000 ---p 00105000 08:05 801654                     /lib/x86_64-linux-gnu/libm-2.19.so
7f1027b6d000-7f1027b6e000 r--p 00104000 08:05 801654                     /lib/x86_64-linux-gnu/libm-2.19.so
7f1027b6e000-7f1027b6f000 rw-p 00105000 08:05 801654                     /lib/x86_64-linux-gnu/libm-2.19.so
7f1027b6f000-7f10286e5000 r-xp 00000000 08:05 1314493                    /usr/lib/jvm/jdk1.7.0_80/jre/lib/amd64/server/libjvm.so
7f10286e5000-7f10288e4000 ---p 00b76000 08:05 1314493                    /usr/lib/jvm/jdk1.7.0_80/jre/lib/amd64/server/libjvm.so
7f10288e4000-7f10289a8000 rw-p 00b75000 08:05 1314493                    /usr/lib/jvm/jdk1.7.0_80/jre/lib/amd64/server/libjvm.so
7f10289a8000-7f10289e9000 rw-p 00000000 00:00 0 
7f10289e9000-7f1028ba4000 r-xp 00000000 08:05 805770                     /lib/x86_64-linux-gnu/libc-2.19.so
7f1028ba4000-7f1028da3000 ---p 001bb000 08:05 805770                     /lib/x86_64-linux-gnu/libc-2.19.so
7f1028da3000-7f1028da7000 r--p 001ba000 08:05 805770                     /lib/x86_64-linux-gnu/libc-2.19.so
7f1028da7000-7f1028da9000 rw-p 001be000 08:05 805770                     /lib/x86_64-linux-gnu/libc-2.19.so
7f1028da9000-7f1028dae000 rw-p 00000000 00:00 0 
7f1028dae000-7f1028db1000 r-xp 00000000 08:05 802039                     /lib/x86_64-linux-gnu/libdl-2.19.so
7f1028db1000-7f1028fb0000 ---p 00003000 08:05 802039                     /lib/x86_64-linux-gnu/libdl-2.19.so
7f1028fb0000-7f1028fb1000 r--p 00002000 08:05 802039                     /lib/x86_64-linux-gnu/libdl-2.19.so
7f1028fb1000-7f1028fb2000 rw-p 00003000 08:05 802039                     /lib/x86_64-linux-gnu/libdl-2.19.so
7f1028fb2000-7f1028fc7000 r-xp 00000000 08:05 1188665                    /usr/lib/jvm/jdk1.7.0_80/lib/amd64/jli/libjli.so
7f1028fc7000-7f10291c6000 ---p 00015000 08:05 1188665                    /usr/lib/jvm/jdk1.7.0_80/lib/amd64/jli/libjli.so
7f10291c6000-7f10291c7000 rw-p 00014000 08:05 1188665                    /usr/lib/jvm/jdk1.7.0_80/lib/amd64/jli/libjli.so
7f10291c7000-7f10291e0000 r-xp 00000000 08:05 805799                     /lib/x86_64-linux-gnu/libpthread-2.19.so
7f10291e0000-7f10293df000 ---p 00019000 08:05 805799                     /lib/x86_64-linux-gnu/libpthread-2.19.so
7f10293df000-7f10293e0000 r--p 00018000 08:05 805799                     /lib/x86_64-linux-gnu/libpthread-2.19.so
7f10293e0000-7f10293e1000 rw-p 00019000 08:05 805799                     /lib/x86_64-linux-gnu/libpthread-2.19.so
7f10293e1000-7f10293e5000 rw-p 00000000 00:00 0 
7f10293e5000-7f1029408000 r-xp 00000000 08:05 805767                     /lib/x86_64-linux-gnu/ld-2.19.so
7f1029408000-7f102940f000 r--s 00094000 08:05 1190755                    /home/irv/netbeans-7.2/java/modules/ext/beansbinding-1.2.1.jar
7f102940f000-7f102942d000 rw-p 00000000 00:00 0 
7f102942d000-7f10294e3000 rw-p 00000000 00:00 0 
7f10294e3000-7f10294e6000 ---p 00000000 00:00 0 
7f10294e6000-7f10295e8000 rw-p 00000000 00:00 0                          [stack:9376]
7f10295e8000-7f10295ed000 r--s 00066000 08:05 1076248                    /home/irv/Documents/lib/antlr-2.7.5.jar
7f10295ed000-7f10295ee000 r--s 00000000 08:05 1075323                    /home/irv/Documents/lib/AbsoluteLayout.jar
7f10295ee000-7f10295ef000 r--s 00000000 08:05 1190792                    /home/irv/netbeans-7.2/java/modules/ext/AbsoluteLayout.jar
7f10295ef000-7f10295f6000 r--s 000b7000 08:05 1188792                    /home/irv/netbeans-7.2/ide/modules/ext/mysql-connector-java-5.1.18-bin.jar
7f10295f6000-7f10295f9000 r--s 0001f000 08:05 1444589                    /usr/lib/jvm/jdk1.7.0_80/jre/lib/ext/comm.jar
7f10295f9000-7f10295fb000 r--s 0000d000 08:05 1444612                    /usr/lib/jvm/jdk1.7.0_80/jre/lib/ext/RXTXcomm.jar
7f10295fb000-7f1029603000 rw-s 00000000 08:05 1705786                    /tmp/hsperfdata_irv/9374
7f1029603000-7f1029604000 rw-p 00000000 00:00 0 
7f1029604000-7f1029605000 r--p 00000000 00:00 0 
7f1029605000-7f1029607000 rw-p 00000000 00:00 0 
7f1029607000-7f1029608000 r--p 00022000 08:05 805767                     /lib/x86_64-linux-gnu/ld-2.19.so
7f1029608000-7f1029609000 rw-p 00023000 08:05 805767                     /lib/x86_64-linux-gnu/ld-2.19.so
7f1029609000-7f102960a000 rw-p 00000000 00:00 0 
7ffc11d9f000-7ffc11dc1000 rw-p 00000000 00:00 0                          [stack]
7ffc11dda000-7ffc11ddc000 r-xp 00000000 00:00 0                          [vdso]
7ffc11ddc000-7ffc11dde000 r--p 00000000 00:00 0                          [vvar]
ffffffffff600000-ffffffffff601000 r-xp 00000000 00:00 0                  [vsyscall]

VM Arguments:
jvm_args: -Dfile.encoding=UTF-8 -Djava.library.path=/home/irv/Documents/ACAS BUILD 5/ACAS/i368-mingw32 
java_command: temp.Test
Launcher Type: SUN_STANDARD

Environment Variables:
PATH=/usr/local/sbin:/usr/local/bin:/usr/sbin:/usr/bin:/sbin:/bin:/usr/games:/usr/local/games
SHELL=/bin/bash
DISPLAY=:0.0

Signal Handlers:
SIGSEGV: [libjvm.so+0x9a3b20], sa_mask[0]=0x7ffbfeff, sa_flags=0x10000004
SIGBUS: [libjvm.so+0x9a3b20], sa_mask[0]=0x7ffbfeff, sa_flags=0x10000004
SIGFPE: [libjvm.so+0x81e740], sa_mask[0]=0x7ffbfeff, sa_flags=0x10000004
SIGPIPE: [libjvm.so+0x81e740], sa_mask[0]=0x7ffbfeff, sa_flags=0x10000004
SIGXFSZ: [libjvm.so+0x81e740], sa_mask[0]=0x7ffbfeff, sa_flags=0x10000004
SIGILL: [libjvm.so+0x81e740], sa_mask[0]=0x7ffbfeff, sa_flags=0x10000004
SIGUSR1: SIG_DFL, sa_mask[0]=0x00000000, sa_flags=0x00000000
SIGUSR2: [libjvm.so+0x81ffb0], sa_mask[0]=0x00000004, sa_flags=0x10000004
SIGHUP: [libjvm.so+0x8210d0], sa_mask[0]=0x7ffbfeff, sa_flags=0x10000004
SIGINT: SIG_IGN, sa_mask[0]=0x00000000, sa_flags=0x00000000
SIGTERM: [libjvm.so+0x8210d0], sa_mask[0]=0x7ffbfeff, sa_flags=0x10000004
SIGQUIT: [libjvm.so+0x8210d0], sa_mask[0]=0x7ffbfeff, sa_flags=0x10000004


---------------  S Y S T E M  ---------------

OS:jessie/sid

uname:Linux 3.16.0-55-generic #74~14.04.1-Ubuntu SMP Tue Nov 17 10:15:59 UTC 2015 x86_64
libc:glibc 2.19 NPTL 2.19 
rlimit: STACK 8192k, CORE 0k, NPROC 14965, NOFILE 4096, AS infinity
load average:1.00 0.39 0.32

/proc/meminfo:
MemTotal:        3852576 kB
MemFree:          159080 kB
MemAvailable:    1367684 kB
Buffers:          111300 kB
Cached:          1205980 kB
SwapCached:        10224 kB
Active:          1957580 kB
Inactive:        1099168 kB
Active(anon):    1457984 kB
Inactive(anon):   636668 kB
Active(file):     499596 kB
Inactive(file):   462500 kB
Unevictable:         584 kB
Mlocked:             584 kB
SwapTotal:       3996668 kB
SwapFree:        3910796 kB
Dirty:               696 kB
Writeback:             4 kB
AnonPages:       1732156 kB
Mapped:           257104 kB
Shmem:            355184 kB
Slab:             535984 kB
SReclaimable:     499912 kB
SUnreclaim:        36072 kB
KernelStack:        9824 kB
PageTables:        35732 kB
NFS_Unstable:          0 kB
Bounce:                0 kB
WritebackTmp:          0 kB
CommitLimit:     5922956 kB
Committed_AS:    5971636 kB
VmallocTotal:   34359738367 kB
VmallocUsed:      349564 kB
VmallocChunk:   34359289060 kB
HardwareCorrupted:     0 kB
AnonHugePages:    837632 kB
HugePages_Total:       0
HugePages_Free:        0
HugePages_Rsvd:        0
HugePages_Surp:        0
Hugepagesize:       2048 kB
DirectMap4k:       94004 kB
DirectMap2M:     3903488 kB


CPU:total 4 (2 cores per cpu, 2 threads per core) family 6 model 58 stepping 9, cmov, cx8, fxsr, mmx, sse, sse2, sse3, ssse3, sse4.1, sse4.2, popcnt, avx, erms, ht, tsc, tscinvbit, tscinv

/proc/cpuinfo:
processor	: 0
vendor_id	: GenuineIntel
cpu family	: 6
model		: 58
model name	: Intel(R) Core(TM) i3-3217U CPU @ 1.80GHz
stepping	: 9
microcode	: 0x17
cpu MHz		: 1800.000
cache size	: 3072 KB
physical id	: 0
siblings	: 4
core id		: 0
cpu cores	: 2
apicid		: 0
initial apicid	: 0
fpu		: yes
fpu_exception	: yes
cpuid level	: 13
wp		: yes
flags		: fpu vme de pse tsc msr pae mce cx8 apic sep mtrr pge mca cmov pat pse36 clflush dts acpi mmx fxsr sse sse2 ss ht tm pbe syscall nx rdtscp lm constant_tsc arch_perfmon pebs bts rep_good nopl xtopology nonstop_tsc aperfmperf eagerfpu pni pclmulqdq dtes64 monitor ds_cpl vmx est tm2 ssse3 cx16 xtpr pdcm pcid sse4_1 sse4_2 x2apic popcnt tsc_deadline_timer xsave avx f16c lahf_lm ida arat epb xsaveopt pln pts dtherm tpr_shadow vnmi flexpriority ept vpid fsgsbase smep erms
bogomips	: 3591.75
clflush size	: 64
cache_alignment	: 64
address sizes	: 36 bits physical, 48 bits virtual
power management:

processor	: 1
vendor_id	: GenuineIntel
cpu family	: 6
model		: 58
model name	: Intel(R) Core(TM) i3-3217U CPU @ 1.80GHz
stepping	: 9
microcode	: 0x17
cpu MHz		: 1800.000
cache size	: 3072 KB
physical id	: 0
siblings	: 4
core id		: 0
cpu cores	: 2
apicid		: 1
initial apicid	: 1
fpu		: yes
fpu_exception	: yes
cpuid level	: 13
wp		: yes
flags		: fpu vme de pse tsc msr pae mce cx8 apic sep mtrr pge mca cmov pat pse36 clflush dts acpi mmx fxsr sse sse2 ss ht tm pbe syscall nx rdtscp lm constant_tsc arch_perfmon pebs bts rep_good nopl xtopology nonstop_tsc aperfmperf eagerfpu pni pclmulqdq dtes64 monitor ds_cpl vmx est tm2 ssse3 cx16 xtpr pdcm pcid sse4_1 sse4_2 x2apic popcnt tsc_deadline_timer xsave avx f16c lahf_lm ida arat epb xsaveopt pln pts dtherm tpr_shadow vnmi flexpriority ept vpid fsgsbase smep erms
bogomips	: 3591.75
clflush size	: 64
cache_alignment	: 64
address sizes	: 36 bits physical, 48 bits virtual
power management:

processor	: 2
vendor_id	: GenuineIntel
cpu family	: 6
model		: 58
model name	: Intel(R) Core(TM) i3-3217U CPU @ 1.80GHz
stepping	: 9
microcode	: 0x17
cpu MHz		: 1800.000
cache size	: 3072 KB
physical id	: 0
siblings	: 4
core id		: 1
cpu cores	: 2
apicid		: 2
initial apicid	: 2
fpu		: yes
fpu_exception	: yes
cpuid level	: 13
wp		: yes
flags		: fpu vme de pse tsc msr pae mce cx8 apic sep mtrr pge mca cmov pat pse36 clflush dts acpi mmx fxsr sse sse2 ss ht tm pbe syscall nx rdtscp lm constant_tsc arch_perfmon pebs bts rep_good nopl xtopology nonstop_tsc aperfmperf eagerfpu pni pclmulqdq dtes64 monitor ds_cpl vmx est tm2 ssse3 cx16 xtpr pdcm pcid sse4_1 sse4_2 x2apic popcnt tsc_deadline_timer xsave avx f16c lahf_lm ida arat epb xsaveopt pln pts dtherm tpr_shadow vnmi flexpriority ept vpid fsgsbase smep erms
bogomips	: 3591.75
clflush size	: 64
cache_alignment	: 64
address sizes	: 36 bits physical, 48 bits virtual
power management:

processor	: 3
vendor_id	: GenuineIntel
cpu family	: 6
model		: 58
model name	: Intel(R) Core(TM) i3-3217U CPU @ 1.80GHz
stepping	: 9
microcode	: 0x17
cpu MHz		: 1799.929
cache size	: 3072 KB
physical id	: 0
siblings	: 4
core id		: 1
cpu cores	: 2
apicid		: 3
initial apicid	: 3
fpu		: yes
fpu_exception	: yes
cpuid level	: 13
wp		: yes
flags		: fpu vme de pse tsc msr pae mce cx8 apic sep mtrr pge mca cmov pat pse36 clflush dts acpi mmx fxsr sse sse2 ss ht tm pbe syscall nx rdtscp lm constant_tsc arch_perfmon pebs bts rep_good nopl xtopology nonstop_tsc aperfmperf eagerfpu pni pclmulqdq dtes64 monitor ds_cpl vmx est tm2 ssse3 cx16 xtpr pdcm pcid sse4_1 sse4_2 x2apic popcnt tsc_deadline_timer xsave avx f16c lahf_lm ida arat epb xsaveopt pln pts dtherm tpr_shadow vnmi flexpriority ept vpid fsgsbase smep erms
bogomips	: 3591.75
clflush size	: 64
cache_alignment	: 64
address sizes	: 36 bits physical, 48 bits virtual
power management:



Memory: 4k page, physical 3852576k(159080k free), swap 3996668k(3910796k free)

vm_info: Java HotSpot(TM) 64-Bit Server VM (24.80-b11) for linux-amd64 JRE (1.7.0_80-b15), built on Apr 10 2015 19:53:14 by "java_re" with gcc 4.3.0 20080428 (Red Hat 4.3.0-8)

time: Sun Dec  6 13:15:51 2015
elapsed time: 0 seconds

